{"numFailedTestSuites":7,"numFailedTests":5,"numPassedTestSuites":126,"numPassedTests":527,"numPendingTestSuites":0,"numPendingTests":0,"numRuntimeErrorTestSuites":4,"numTodoTests":0,"numTotalTestSuites":133,"numTotalTests":532,"openHandles":[],"snapshot":{"added":0,"didUpdate":false,"failure":false,"filesAdded":0,"filesRemoved":0,"filesRemovedList":[],"filesUnmatched":0,"filesUpdated":0,"matched":0,"total":0,"unchecked":0,"uncheckedKeysByFile":[],"unmatched":0,"updated":0},"startTime":1767549426786,"success":false,"testResults":[{"assertionResults":[{"ancestorTitles":["HardDeleteMealRecordUsecase"],"duration":6,"failing":false,"failureDetails":[],"failureMessages":[],"fullName":"HardDeleteMealRecordUsecase should hard delete a meal record for the creator","invocations":1,"location":null,"numPassingAsserts":2,"retryReasons":[],"startAt":1767549437348,"status":"passed","title":"should hard delete a meal record for the creator"},{"ancestorTitles":["HardDeleteMealRecordUsecase"],"duration":1,"failing":false,"failureDetails":[],"failureMessages":[],"fullName":"HardDeleteMealRecordUsecase should return false for non creators","invocations":1,"location":null,"numPassingAsserts":1,"retryReasons":[],"startAt":1767549437354,"status":"passed","title":"should return false for non creators"}],"endTime":1767549437356,"message":"","name":"C:\\DATA\\projects\\DraftDream\\api\\src\\usecases\\nutri\\meal-record\\__tests__\\hard-delete.meal-record.usecase.spec.ts","startTime":1767549427712,"status":"passed","summary":""},{"assertionResults":[{"ancestorTitles":["CreateMealRecordUsecase"],"duration":12,"failing":false,"failureDetails":[{"matcherResult":{"actual":{"userId":"athlete-1","mealPlanId":"plan-1","mealDayId":"day-1","mealId":"meal-1","mealSnapshot":{"id":"meal-1","label":"Breakfast","foods":"Eggs","calories":300,"proteinGrams":20,"carbGrams":10,"fatGrams":15,"type":{"label":"Breakfast"}},"state":"CREATE","createdBy":"athlete-1"},"expected":{"userId":"athlete-1","mealPlanId":"plan-1","mealDayId":"day-1","mealId":"meal-1","state":"CREATE","createdBy":"athlete-1"},"message":"\u001b[2mexpect(\u001b[22m\u001b[31mreceived\u001b[39m\u001b[2m).\u001b[22mtoEqual\u001b[2m(\u001b[22m\u001b[32mexpected\u001b[39m\u001b[2m) // deep equality\u001b[22m\n\n\u001b[32m- Expected  -  0\u001b[39m\n\u001b[31m+ Received  + 14\u001b[39m\n\n\u001b[2m  Object {\u001b[22m\n\u001b[31m+   \"comment\": undefined,\u001b[39m\n\u001b[2m    \"createdBy\": \"athlete-1\",\u001b[22m\n\u001b[2m    \"mealDayId\": \"day-1\",\u001b[22m\n\u001b[2m    \"mealId\": \"meal-1\",\u001b[22m\n\u001b[2m    \"mealPlanId\": \"plan-1\",\u001b[22m\n\u001b[31m+   \"mealSnapshot\": Object {\u001b[39m\n\u001b[31m+     \"calories\": 300,\u001b[39m\n\u001b[31m+     \"carbGrams\": 10,\u001b[39m\n\u001b[31m+     \"fatGrams\": 15,\u001b[39m\n\u001b[31m+     \"foods\": \"Eggs\",\u001b[39m\n\u001b[31m+     \"id\": \"meal-1\",\u001b[39m\n\u001b[31m+     \"label\": \"Breakfast\",\u001b[39m\n\u001b[31m+     \"proteinGrams\": 20,\u001b[39m\n\u001b[31m+     \"type\": Object {\u001b[39m\n\u001b[31m+       \"label\": \"Breakfast\",\u001b[39m\n\u001b[31m+     },\u001b[39m\n\u001b[31m+   },\u001b[39m\n\u001b[31m+   \"satisfactionRating\": undefined,\u001b[39m\n\u001b[2m    \"state\": \"CREATE\",\u001b[22m\n\u001b[2m    \"userId\": \"athlete-1\",\u001b[22m\n\u001b[2m  }\u001b[22m","name":"toEqual","pass":false}}],"failureMessages":["Error: \u001b[2mexpect(\u001b[22m\u001b[31mreceived\u001b[39m\u001b[2m).\u001b[22mtoEqual\u001b[2m(\u001b[22m\u001b[32mexpected\u001b[39m\u001b[2m) // deep equality\u001b[22m\n\n\u001b[32m- Expected  -  0\u001b[39m\n\u001b[31m+ Received  + 14\u001b[39m\n\n\u001b[2m  Object {\u001b[22m\n\u001b[31m+   \"comment\": undefined,\u001b[39m\n\u001b[2m    \"createdBy\": \"athlete-1\",\u001b[22m\n\u001b[2m    \"mealDayId\": \"day-1\",\u001b[22m\n\u001b[2m    \"mealId\": \"meal-1\",\u001b[22m\n\u001b[2m    \"mealPlanId\": \"plan-1\",\u001b[22m\n\u001b[31m+   \"mealSnapshot\": Object {\u001b[39m\n\u001b[31m+     \"calories\": 300,\u001b[39m\n\u001b[31m+     \"carbGrams\": 10,\u001b[39m\n\u001b[31m+     \"fatGrams\": 15,\u001b[39m\n\u001b[31m+     \"foods\": \"Eggs\",\u001b[39m\n\u001b[31m+     \"id\": \"meal-1\",\u001b[39m\n\u001b[31m+     \"label\": \"Breakfast\",\u001b[39m\n\u001b[31m+     \"proteinGrams\": 20,\u001b[39m\n\u001b[31m+     \"type\": Object {\u001b[39m\n\u001b[31m+       \"label\": \"Breakfast\",\u001b[39m\n\u001b[31m+     },\u001b[39m\n\u001b[31m+   },\u001b[39m\n\u001b[31m+   \"satisfactionRating\": undefined,\u001b[39m\n\u001b[2m    \"state\": \"CREATE\",\u001b[22m\n\u001b[2m    \"userId\": \"athlete-1\",\u001b[22m\n\u001b[2m  }\u001b[22m\n    at Object.<anonymous> (C:\\DATA\\projects\\DraftDream\\api\\src\\usecases\\nutri\\meal-record\\__tests__\\create.meal-record.usecase.spec.ts:114:70)\n    at processTicksAndRejections (node:internal/process/task_queues:105:5)"],"fullName":"CreateMealRecordUsecase should create a meal record for an athlete","invocations":1,"location":null,"numPassingAsserts":1,"retryReasons":[],"startAt":1767549437362,"status":"failed","title":"should create a meal record for an athlete"},{"ancestorTitles":["CreateMealRecordUsecase"],"duration":1,"failing":false,"failureDetails":[],"failureMessages":[],"fullName":"CreateMealRecordUsecase should return null when meal is not in the plan day","invocations":1,"location":null,"numPassingAsserts":1,"retryReasons":[],"startAt":1767549437382,"status":"passed","title":"should return null when meal is not in the plan day"},{"ancestorTitles":["CreateMealRecordUsecase"],"duration":43,"failing":false,"failureDetails":[],"failureMessages":[],"fullName":"CreateMealRecordUsecase should forbid athletes creating records for other users","invocations":1,"location":null,"numPassingAsserts":1,"retryReasons":[],"startAt":1767549437383,"status":"passed","title":"should forbid athletes creating records for other users"}],"endTime":1767549437442,"message":"\u001b[1m\u001b[31m  \u001b[1m● \u001b[22m\u001b[1mCreateMealRecordUsecase › should create a meal record for an athlete\u001b[39m\u001b[22m\n\n    \u001b[2mexpect(\u001b[22m\u001b[31mreceived\u001b[39m\u001b[2m).\u001b[22mtoEqual\u001b[2m(\u001b[22m\u001b[32mexpected\u001b[39m\u001b[2m) // deep equality\u001b[22m\n\n    \u001b[32m- Expected  -  0\u001b[39m\n    \u001b[31m+ Received  + 14\u001b[39m\n\n    \u001b[2m  Object {\u001b[22m\n    \u001b[31m+   \"comment\": undefined,\u001b[39m\n    \u001b[2m    \"createdBy\": \"athlete-1\",\u001b[22m\n    \u001b[2m    \"mealDayId\": \"day-1\",\u001b[22m\n    \u001b[2m    \"mealId\": \"meal-1\",\u001b[22m\n    \u001b[2m    \"mealPlanId\": \"plan-1\",\u001b[22m\n    \u001b[31m+   \"mealSnapshot\": Object {\u001b[39m\n    \u001b[31m+     \"calories\": 300,\u001b[39m\n    \u001b[31m+     \"carbGrams\": 10,\u001b[39m\n    \u001b[31m+     \"fatGrams\": 15,\u001b[39m\n    \u001b[31m+     \"foods\": \"Eggs\",\u001b[39m\n    \u001b[31m+     \"id\": \"meal-1\",\u001b[39m\n    \u001b[31m+     \"label\": \"Breakfast\",\u001b[39m\n    \u001b[31m+     \"proteinGrams\": 20,\u001b[39m\n    \u001b[31m+     \"type\": Object {\u001b[39m\n    \u001b[31m+       \"label\": \"Breakfast\",\u001b[39m\n    \u001b[31m+     },\u001b[39m\n    \u001b[31m+   },\u001b[39m\n    \u001b[31m+   \"satisfactionRating\": undefined,\u001b[39m\n    \u001b[2m    \"state\": \"CREATE\",\u001b[22m\n    \u001b[2m    \"userId\": \"athlete-1\",\u001b[22m\n    \u001b[2m  }\u001b[22m\n\u001b[2m\u001b[22m\n\u001b[2m    \u001b[0m \u001b[90m 112 |\u001b[39m\u001b[22m\n\u001b[2m     \u001b[90m 113 |\u001b[39m     expect(result)\u001b[33m.\u001b[39mtoEqual(expected)\u001b[33m;\u001b[39m\u001b[22m\n\u001b[2m    \u001b[31m\u001b[1m>\u001b[22m\u001b[2m\u001b[39m\u001b[90m 114 |\u001b[39m     expect(asMock(mealRecordRepositoryMock\u001b[33m.\u001b[39mcreate)\u001b[33m.\u001b[39mmock\u001b[33m.\u001b[39mcalls[\u001b[35m0\u001b[39m][\u001b[35m0\u001b[39m])\u001b[33m.\u001b[39mtoEqual({\u001b[22m\n\u001b[2m     \u001b[90m     |\u001b[39m                                                                      \u001b[31m\u001b[1m^\u001b[22m\u001b[2m\u001b[39m\u001b[22m\n\u001b[2m     \u001b[90m 115 |\u001b[39m       userId\u001b[33m:\u001b[39m \u001b[32m'athlete-1'\u001b[39m\u001b[33m,\u001b[39m\u001b[22m\n\u001b[2m     \u001b[90m 116 |\u001b[39m       mealPlanId\u001b[33m:\u001b[39m \u001b[32m'plan-1'\u001b[39m\u001b[33m,\u001b[39m\u001b[22m\n\u001b[2m     \u001b[90m 117 |\u001b[39m       mealDayId\u001b[33m:\u001b[39m \u001b[32m'day-1'\u001b[39m\u001b[33m,\u001b[39m\u001b[0m\u001b[22m\n\u001b[2m\u001b[22m\n\u001b[2m      \u001b[2mat Object.<anonymous> (\u001b[22m\u001b[2m\u001b[0m\u001b[36msrc/usecases/nutri/meal-record/__tests__/create.meal-record.usecase.spec.ts\u001b[39m\u001b[0m\u001b[2m:114:70)\u001b[22m\u001b[2m\u001b[22m\n","name":"C:\\DATA\\projects\\DraftDream\\api\\src\\usecases\\nutri\\meal-record\\__tests__\\create.meal-record.usecase.spec.ts","startTime":1767549427656,"status":"failed","summary":""},{"assertionResults":[{"ancestorTitles":["UpdateMealRecordUsecase"],"duration":45,"failing":false,"failureDetails":[],"failureMessages":[],"fullName":"UpdateMealRecordUsecase should update a meal record for the creator","invocations":1,"location":null,"numPassingAsserts":2,"retryReasons":[],"startAt":1767549437523,"status":"passed","title":"should update a meal record for the creator"},{"ancestorTitles":["UpdateMealRecordUsecase"],"duration":0,"failing":false,"failureDetails":[],"failureMessages":[],"fullName":"UpdateMealRecordUsecase should return null if user is not creator or admin","invocations":1,"location":null,"numPassingAsserts":1,"retryReasons":[],"startAt":1767549437569,"status":"passed","title":"should return null if user is not creator or admin"}],"endTime":1767549437571,"message":"","name":"C:\\DATA\\projects\\DraftDream\\api\\src\\usecases\\nutri\\meal-record\\__tests__\\update.meal-record.usecase.spec.ts","startTime":1767549427695,"status":"passed","summary":""},{"assertionResults":[{"ancestorTitles":["DeleteAthleteInfoUsecase"],"duration":6,"failing":false,"failureDetails":[],"failureMessages":[],"fullName":"DeleteAthleteInfoUsecase should build","invocations":1,"location":null,"numPassingAsserts":1,"retryReasons":[],"startAt":1767549437530,"status":"passed","title":"should build"},{"ancestorTitles":["DeleteAthleteInfoUsecase"],"duration":3,"failing":false,"failureDetails":[],"failureMessages":[],"fullName":"DeleteAthleteInfoUsecase should soft delete athlete info when user is admin","invocations":1,"location":null,"numPassingAsserts":3,"retryReasons":[],"startAt":1767549437537,"status":"passed","title":"should soft delete athlete info when user is admin"},{"ancestorTitles":["DeleteAthleteInfoUsecase"],"duration":1,"failing":false,"failureDetails":[],"failureMessages":[],"fullName":"DeleteAthleteInfoUsecase should soft delete athlete info when user is the creator","invocations":1,"location":null,"numPassingAsserts":1,"retryReasons":[],"startAt":1767549437540,"status":"passed","title":"should soft delete athlete info when user is the creator"},{"ancestorTitles":["DeleteAthleteInfoUsecase"],"duration":1,"failing":false,"failureDetails":[],"failureMessages":[],"fullName":"DeleteAthleteInfoUsecase should return false when user is not admin and not the creator","invocations":1,"location":null,"numPassingAsserts":2,"retryReasons":[],"startAt":1767549437541,"status":"passed","title":"should return false when user is not admin and not the creator"},{"ancestorTitles":["DeleteAthleteInfoUsecase"],"duration":1,"failing":false,"failureDetails":[],"failureMessages":[],"fullName":"DeleteAthleteInfoUsecase should return false when athlete info not found","invocations":1,"location":null,"numPassingAsserts":2,"retryReasons":[],"startAt":1767549437542,"status":"passed","title":"should return false when athlete info not found"},{"ancestorTitles":["DeleteAthleteInfoUsecase"],"duration":27,"failing":false,"failureDetails":[],"failureMessages":[],"fullName":"DeleteAthleteInfoUsecase should log and throw when repository delete fails","invocations":1,"location":null,"numPassingAsserts":2,"retryReasons":[],"startAt":1767549437543,"status":"passed","title":"should log and throw when repository delete fails"}],"endTime":1767549437572,"message":"","name":"C:\\DATA\\projects\\DraftDream\\api\\src\\usecases\\athlete\\athlete-info\\__tests__\\delete.athlete-info.usecase.spec.ts","startTime":1767549427735,"status":"passed","summary":""},{"assertionResults":[{"ancestorTitles":["DeleteMealRecordUsecase"],"duration":13,"failing":false,"failureDetails":[],"failureMessages":[],"fullName":"DeleteMealRecordUsecase should delete a meal record for the creator","invocations":1,"location":null,"numPassingAsserts":2,"retryReasons":[],"startAt":1767549437604,"status":"passed","title":"should delete a meal record for the creator"},{"ancestorTitles":["DeleteMealRecordUsecase"],"duration":0,"failing":false,"failureDetails":[],"failureMessages":[],"fullName":"DeleteMealRecordUsecase should return false for non creators","invocations":1,"location":null,"numPassingAsserts":1,"retryReasons":[],"startAt":1767549437619,"status":"passed","title":"should return false for non creators"}],"endTime":1767549437621,"message":"","name":"C:\\DATA\\projects\\DraftDream\\api\\src\\usecases\\nutri\\meal-record\\__tests__\\delete.meal-record.usecase.spec.ts","startTime":1767549427690,"status":"passed","summary":""},{"assertionResults":[{"ancestorTitles":["ListTagsUsecase"],"duration":5,"failing":false,"failureDetails":[],"failureMessages":[],"fullName":"ListTagsUsecase should build","invocations":1,"location":null,"numPassingAsserts":1,"retryReasons":[],"startAt":1767549437621,"status":"passed","title":"should build"},{"ancestorTitles":["ListTagsUsecase"],"duration":2,"failing":false,"failureDetails":[],"failureMessages":[],"fullName":"ListTagsUsecase should list tags through the repository","invocations":1,"location":null,"numPassingAsserts":4,"retryReasons":[],"startAt":1767549437627,"status":"passed","title":"should list tags through the repository"},{"ancestorTitles":["ListTagsUsecase"],"duration":1,"failing":false,"failureDetails":[],"failureMessages":[],"fullName":"ListTagsUsecase should call the repository with default parameters when none are provided","invocations":1,"location":null,"numPassingAsserts":1,"retryReasons":[],"startAt":1767549437629,"status":"passed","title":"should call the repository with default parameters when none are provided"},{"ancestorTitles":["ListTagsUsecase"],"duration":7,"failing":false,"failureDetails":[],"failureMessages":[],"fullName":"ListTagsUsecase should log and throw a domain error when listing fails","invocations":1,"location":null,"numPassingAsserts":2,"retryReasons":[],"startAt":1767549437630,"status":"passed","title":"should log and throw a domain error when listing fails"}],"endTime":1767549437639,"message":"","name":"C:\\DATA\\projects\\DraftDream\\api\\src\\usecases\\tag\\__tests__\\list.tags.usecase.spec.ts","startTime":1767549427647,"status":"passed","summary":""},{"assertionResults":[{"ancestorTitles":["GetMealRecordUsecase"],"duration":6,"failing":false,"failureDetails":[],"failureMessages":[],"fullName":"GetMealRecordUsecase should return a meal record for the owner","invocations":1,"location":null,"numPassingAsserts":1,"retryReasons":[],"startAt":1767549437783,"status":"passed","title":"should return a meal record for the owner"},{"ancestorTitles":["GetMealRecordUsecase"],"duration":1,"failing":false,"failureDetails":[],"failureMessages":[],"fullName":"GetMealRecordUsecase should return null for non owners","invocations":1,"location":null,"numPassingAsserts":1,"retryReasons":[],"startAt":1767549437789,"status":"passed","title":"should return null for non owners"}],"endTime":1767549437791,"message":"","name":"C:\\DATA\\projects\\DraftDream\\api\\src\\usecases\\nutri\\meal-record\\__tests__\\get.meal-record.usecase.spec.ts","startTime":1767549427720,"status":"passed","summary":""},{"assertionResults":[{"ancestorTitles":["ConvertProspectToAthleteUsecase"],"duration":9,"failing":false,"failureDetails":[],"failureMessages":[],"fullName":"ConvertProspectToAthleteUsecase creates the athlete, logs the password, and links to the coach","invocations":1,"location":null,"numPassingAsserts":5,"retryReasons":[],"startAt":1767549437767,"status":"passed","title":"creates the athlete, logs the password, and links to the coach"},{"ancestorTitles":["ConvertProspectToAthleteUsecase"],"duration":2,"failing":false,"failureDetails":[],"failureMessages":[],"fullName":"ConvertProspectToAthleteUsecase reactivates an existing coach-athlete link without recreating accounts","invocations":1,"location":null,"numPassingAsserts":7,"retryReasons":[],"startAt":1767549437776,"status":"passed","title":"reactivates an existing coach-athlete link without recreating accounts"},{"ancestorTitles":["ConvertProspectToAthleteUsecase"],"duration":10,"failing":false,"failureDetails":[],"failureMessages":[],"fullName":"ConvertProspectToAthleteUsecase normalizes errors when the email belongs to a non-athlete user","invocations":1,"location":null,"numPassingAsserts":2,"retryReasons":[],"startAt":1767549437778,"status":"passed","title":"normalizes errors when the email belongs to a non-athlete user"}],"endTime":1767549437814,"message":"","name":"C:\\DATA\\projects\\DraftDream\\api\\src\\usecases\\prospect\\prospect\\__tests__\\convert.prospect.usecase.spec.ts","startTime":1767549427701,"status":"passed","summary":""},{"assertionResults":[{"ancestorTitles":["CreateProgramRecordUsecase"],"duration":51,"failing":false,"failureDetails":[{"matcherResult":{"actual":null,"expected":{"id":"record-1","userId":"athlete-1","programId":"program-1","sessionId":"session-1","state":"CREATE","createdBy":"athlete-1","createdAt":{},"updatedAt":{}},"message":"\u001b[2mexpect(\u001b[22m\u001b[31mreceived\u001b[39m\u001b[2m).\u001b[22mtoEqual\u001b[2m(\u001b[22m\u001b[32mexpected\u001b[39m\u001b[2m) // deep equality\u001b[22m\n\nExpected: \u001b[32m{\"createdAt\": 2024-01-02T00:00:00.000Z, \"createdBy\": \"athlete-1\", \"id\": \"record-1\", \"programId\": \"program-1\", \"sessionId\": \"session-1\", \"state\": \"CREATE\", \"updatedAt\": 2024-01-02T00:00:00.000Z, \"userId\": \"athlete-1\"}\u001b[39m\nReceived: \u001b[31mnull\u001b[39m","name":"toEqual","pass":false}}],"failureMessages":["Error: \u001b[2mexpect(\u001b[22m\u001b[31mreceived\u001b[39m\u001b[2m).\u001b[22mtoEqual\u001b[2m(\u001b[22m\u001b[32mexpected\u001b[39m\u001b[2m) // deep equality\u001b[22m\n\nExpected: \u001b[32m{\"createdAt\": 2024-01-02T00:00:00.000Z, \"createdBy\": \"athlete-1\", \"id\": \"record-1\", \"programId\": \"program-1\", \"sessionId\": \"session-1\", \"state\": \"CREATE\", \"updatedAt\": 2024-01-02T00:00:00.000Z, \"userId\": \"athlete-1\"}\u001b[39m\nReceived: \u001b[31mnull\u001b[39m\n    at Object.<anonymous> (C:\\DATA\\projects\\DraftDream\\api\\src\\usecases\\sport\\program-record\\__tests__\\create.program-record.usecase.spec.ts:96:20)\n    at processTicksAndRejections (node:internal/process/task_queues:105:5)"],"fullName":"CreateProgramRecordUsecase should create a program record for an athlete","invocations":1,"location":null,"numPassingAsserts":0,"retryReasons":[],"startAt":1767549437777,"status":"failed","title":"should create a program record for an athlete"},{"ancestorTitles":["CreateProgramRecordUsecase"],"duration":1,"failing":false,"failureDetails":[{"matcherResult":{"actual":null,"expected":{"id":"record-1","userId":"athlete-1","programId":"program-1","sessionId":"session-1","state":"CREATE","createdBy":"athlete-1","createdAt":{},"updatedAt":{}},"message":"\u001b[2mexpect(\u001b[22m\u001b[31mreceived\u001b[39m\u001b[2m).\u001b[22mtoEqual\u001b[2m(\u001b[22m\u001b[32mexpected\u001b[39m\u001b[2m) // deep equality\u001b[22m\n\nExpected: \u001b[32m{\"createdAt\": 2024-01-02T00:00:00.000Z, \"createdBy\": \"athlete-1\", \"id\": \"record-1\", \"programId\": \"program-1\", \"sessionId\": \"session-1\", \"state\": \"CREATE\", \"updatedAt\": 2024-01-02T00:00:00.000Z, \"userId\": \"athlete-1\"}\u001b[39m\nReceived: \u001b[31mnull\u001b[39m","name":"toEqual","pass":false}}],"failureMessages":["Error: \u001b[2mexpect(\u001b[22m\u001b[31mreceived\u001b[39m\u001b[2m).\u001b[22mtoEqual\u001b[2m(\u001b[22m\u001b[32mexpected\u001b[39m\u001b[2m) // deep equality\u001b[22m\n\nExpected: \u001b[32m{\"createdAt\": 2024-01-02T00:00:00.000Z, \"createdBy\": \"athlete-1\", \"id\": \"record-1\", \"programId\": \"program-1\", \"sessionId\": \"session-1\", \"state\": \"CREATE\", \"updatedAt\": 2024-01-02T00:00:00.000Z, \"userId\": \"athlete-1\"}\u001b[39m\nReceived: \u001b[31mnull\u001b[39m\n    at Object.<anonymous> (C:\\DATA\\projects\\DraftDream\\api\\src\\usecases\\sport\\program-record\\__tests__\\create.program-record.usecase.spec.ts:114:20)\n    at processTicksAndRejections (node:internal/process/task_queues:105:5)"],"fullName":"CreateProgramRecordUsecase should create a new record even if one already exists","invocations":1,"location":null,"numPassingAsserts":0,"retryReasons":[],"startAt":1767549437835,"status":"failed","title":"should create a new record even if one already exists"},{"ancestorTitles":["CreateProgramRecordUsecase"],"duration":5,"failing":false,"failureDetails":[],"failureMessages":[],"fullName":"CreateProgramRecordUsecase should forbid athletes creating records for other users","invocations":1,"location":null,"numPassingAsserts":1,"retryReasons":[],"startAt":1767549437837,"status":"passed","title":"should forbid athletes creating records for other users"}],"endTime":1767549437866,"message":"\u001b[1m\u001b[31m  \u001b[1m● \u001b[22m\u001b[1mCreateProgramRecordUsecase › should create a program record for an athlete\u001b[39m\u001b[22m\n\n    \u001b[2mexpect(\u001b[22m\u001b[31mreceived\u001b[39m\u001b[2m).\u001b[22mtoEqual\u001b[2m(\u001b[22m\u001b[32mexpected\u001b[39m\u001b[2m) // deep equality\u001b[22m\n\n    Expected: \u001b[32m{\"createdAt\": 2024-01-02T00:00:00.000Z, \"createdBy\": \"athlete-1\", \"id\": \"record-1\", \"programId\": \"program-1\", \"sessionId\": \"session-1\", \"state\": \"CREATE\", \"updatedAt\": 2024-01-02T00:00:00.000Z, \"userId\": \"athlete-1\"}\u001b[39m\n    Received: \u001b[31mnull\u001b[39m\n\u001b[2m\u001b[22m\n\u001b[2m    \u001b[0m \u001b[90m 94 |\u001b[39m     \u001b[36mconst\u001b[39m result \u001b[33m=\u001b[39m \u001b[36mawait\u001b[39m usecase\u001b[33m.\u001b[39mexecute(dto)\u001b[33m;\u001b[39m\u001b[22m\n\u001b[2m     \u001b[90m 95 |\u001b[39m\u001b[22m\n\u001b[2m    \u001b[31m\u001b[1m>\u001b[22m\u001b[2m\u001b[39m\u001b[90m 96 |\u001b[39m     expect(result)\u001b[33m.\u001b[39mtoEqual(expected)\u001b[33m;\u001b[39m\u001b[22m\n\u001b[2m     \u001b[90m    |\u001b[39m                    \u001b[31m\u001b[1m^\u001b[22m\u001b[2m\u001b[39m\u001b[22m\n\u001b[2m     \u001b[90m 97 |\u001b[39m     expect(asMock(programRecordRepositoryMock\u001b[33m.\u001b[39mcreate)\u001b[33m.\u001b[39mmock\u001b[33m.\u001b[39mcalls[\u001b[35m0\u001b[39m][\u001b[35m0\u001b[39m])\u001b[33m.\u001b[39mtoEqual({\u001b[22m\n\u001b[2m     \u001b[90m 98 |\u001b[39m       userId\u001b[33m:\u001b[39m \u001b[32m'athlete-1'\u001b[39m\u001b[33m,\u001b[39m\u001b[22m\n\u001b[2m     \u001b[90m 99 |\u001b[39m       programId\u001b[33m:\u001b[39m \u001b[32m'program-1'\u001b[39m\u001b[33m,\u001b[39m\u001b[0m\u001b[22m\n\u001b[2m\u001b[22m\n\u001b[2m      \u001b[2mat Object.<anonymous> (\u001b[22m\u001b[2m\u001b[0m\u001b[36msrc/usecases/sport/program-record/__tests__/create.program-record.usecase.spec.ts\u001b[39m\u001b[0m\u001b[2m:96:20)\u001b[22m\u001b[2m\u001b[22m\n\n\u001b[1m\u001b[31m  \u001b[1m● \u001b[22m\u001b[1mCreateProgramRecordUsecase › should create a new record even if one already exists\u001b[39m\u001b[22m\n\n    \u001b[2mexpect(\u001b[22m\u001b[31mreceived\u001b[39m\u001b[2m).\u001b[22mtoEqual\u001b[2m(\u001b[22m\u001b[32mexpected\u001b[39m\u001b[2m) // deep equality\u001b[22m\n\n    Expected: \u001b[32m{\"createdAt\": 2024-01-02T00:00:00.000Z, \"createdBy\": \"athlete-1\", \"id\": \"record-1\", \"programId\": \"program-1\", \"sessionId\": \"session-1\", \"state\": \"CREATE\", \"updatedAt\": 2024-01-02T00:00:00.000Z, \"userId\": \"athlete-1\"}\u001b[39m\n    Received: \u001b[31mnull\u001b[39m\n\u001b[2m\u001b[22m\n\u001b[2m    \u001b[0m \u001b[90m 112 |\u001b[39m     \u001b[36mconst\u001b[39m result \u001b[33m=\u001b[39m \u001b[36mawait\u001b[39m usecase\u001b[33m.\u001b[39mexecute(dto)\u001b[33m;\u001b[39m\u001b[22m\n\u001b[2m     \u001b[90m 113 |\u001b[39m\u001b[22m\n\u001b[2m    \u001b[31m\u001b[1m>\u001b[22m\u001b[2m\u001b[39m\u001b[90m 114 |\u001b[39m     expect(result)\u001b[33m.\u001b[39mtoEqual(expected)\u001b[33m;\u001b[39m\u001b[22m\n\u001b[2m     \u001b[90m     |\u001b[39m                    \u001b[31m\u001b[1m^\u001b[22m\u001b[2m\u001b[39m\u001b[22m\n\u001b[2m     \u001b[90m 115 |\u001b[39m     expect(asMock(programRecordRepositoryMock\u001b[33m.\u001b[39mcreate)\u001b[33m.\u001b[39mmock\u001b[33m.\u001b[39mcalls\u001b[33m.\u001b[39mlength)\u001b[33m.\u001b[39mtoBe(\u001b[35m1\u001b[39m)\u001b[33m;\u001b[39m\u001b[22m\n\u001b[2m     \u001b[90m 116 |\u001b[39m   })\u001b[33m;\u001b[39m\u001b[22m\n\u001b[2m     \u001b[90m 117 |\u001b[39m\u001b[0m\u001b[22m\n\u001b[2m\u001b[22m\n\u001b[2m      \u001b[2mat Object.<anonymous> (\u001b[22m\u001b[2m\u001b[0m\u001b[36msrc/usecases/sport/program-record/__tests__/create.program-record.usecase.spec.ts\u001b[39m\u001b[0m\u001b[2m:114:20)\u001b[22m\u001b[2m\u001b[22m\n","name":"C:\\DATA\\projects\\DraftDream\\api\\src\\usecases\\sport\\program-record\\__tests__\\create.program-record.usecase.spec.ts","startTime":1767549427721,"status":"failed","summary":""},{"assertionResults":[{"ancestorTitles":["ListMealRecordsUsecase"],"duration":6,"failing":false,"failureDetails":[{}],"failureMessages":["Error: LIST_MEAL_RECORDS_USECASE\n    at normalizeError (C:\\DATA\\projects\\DraftDream\\api\\src\\common\\error.util.ts:14:10)\n    at ListMealRecordsUsecase.execute (C:\\DATA\\projects\\DraftDream\\api\\src\\usecases\\nutri\\meal-record\\list.meal-records.usecase.ts:59:27)\n    at processTicksAndRejections (node:internal/process/task_queues:105:5)\n    at Object.<anonymous> (C:\\DATA\\projects\\DraftDream\\api\\src\\usecases\\nutri\\meal-record\\__tests__\\list.meal-records.usecase.spec.ts:74:20)"],"fullName":"ListMealRecordsUsecase should list meal records for admin","invocations":1,"location":null,"numPassingAsserts":0,"retryReasons":[],"startAt":1767549437836,"status":"failed","title":"should list meal records for admin"},{"ancestorTitles":["ListMealRecordsUsecase"],"duration":0,"failing":false,"failureDetails":[{}],"failureMessages":["Error: LIST_MEAL_RECORDS_USECASE\n    at normalizeError (C:\\DATA\\projects\\DraftDream\\api\\src\\common\\error.util.ts:14:10)\n    at ListMealRecordsUsecase.execute (C:\\DATA\\projects\\DraftDream\\api\\src\\usecases\\nutri\\meal-record\\list.meal-records.usecase.ts:59:27)\n    at processTicksAndRejections (node:internal/process/task_queues:105:5)\n    at Object.<anonymous> (C:\\DATA\\projects\\DraftDream\\api\\src\\usecases\\nutri\\meal-record\\__tests__\\list.meal-records.usecase.spec.ts:101:20)"],"fullName":"ListMealRecordsUsecase should scope meal records to the athlete","invocations":1,"location":null,"numPassingAsserts":0,"retryReasons":[],"startAt":1767549437851,"status":"failed","title":"should scope meal records to the athlete"}],"endTime":1767549437885,"message":"\u001b[1m\u001b[31m  \u001b[1m● \u001b[22m\u001b[1mListMealRecordsUsecase › should list meal records for admin\u001b[39m\u001b[22m\n\n    LIST_MEAL_RECORDS_USECASE\n\u001b[2m\u001b[22m\n\u001b[2m    \u001b[0m \u001b[90m 12 |\u001b[39m   }\u001b[22m\n\u001b[2m     \u001b[90m 13 |\u001b[39m\u001b[22m\n\u001b[2m    \u001b[31m\u001b[1m>\u001b[22m\u001b[2m\u001b[39m\u001b[90m 14 |\u001b[39m   \u001b[36mreturn\u001b[39m \u001b[36mnew\u001b[39m \u001b[33mError\u001b[39m(fallback)\u001b[33m;\u001b[39m\u001b[22m\n\u001b[2m     \u001b[90m    |\u001b[39m          \u001b[31m\u001b[1m^\u001b[22m\u001b[2m\u001b[39m\u001b[22m\n\u001b[2m     \u001b[90m 15 |\u001b[39m }\u001b[33m;\u001b[39m\u001b[22m\n\u001b[2m     \u001b[90m 16 |\u001b[39m\u001b[0m\u001b[22m\n\u001b[2m\u001b[22m\n\u001b[2m      \u001b[2mat normalizeError (\u001b[22m\u001b[2msrc/common/error.util.ts\u001b[2m:14:10)\u001b[22m\u001b[2m\u001b[22m\n\u001b[2m      \u001b[2mat ListMealRecordsUsecase.execute (\u001b[22m\u001b[2msrc/usecases/nutri/meal-record/list.meal-records.usecase.ts\u001b[2m:59:27)\u001b[22m\u001b[2m\u001b[22m\n\u001b[2m      \u001b[2mat Object.<anonymous> (\u001b[22m\u001b[2m\u001b[0m\u001b[36msrc/usecases/nutri/meal-record/__tests__/list.meal-records.usecase.spec.ts\u001b[39m\u001b[0m\u001b[2m:74:20)\u001b[22m\u001b[2m\u001b[22m\n\n\u001b[1m\u001b[31m  \u001b[1m● \u001b[22m\u001b[1mListMealRecordsUsecase › should scope meal records to the athlete\u001b[39m\u001b[22m\n\n    LIST_MEAL_RECORDS_USECASE\n\u001b[2m\u001b[22m\n\u001b[2m    \u001b[0m \u001b[90m 12 |\u001b[39m   }\u001b[22m\n\u001b[2m     \u001b[90m 13 |\u001b[39m\u001b[22m\n\u001b[2m    \u001b[31m\u001b[1m>\u001b[22m\u001b[2m\u001b[39m\u001b[90m 14 |\u001b[39m   \u001b[36mreturn\u001b[39m \u001b[36mnew\u001b[39m \u001b[33mError\u001b[39m(fallback)\u001b[33m;\u001b[39m\u001b[22m\n\u001b[2m     \u001b[90m    |\u001b[39m          \u001b[31m\u001b[1m^\u001b[22m\u001b[2m\u001b[39m\u001b[22m\n\u001b[2m     \u001b[90m 15 |\u001b[39m }\u001b[33m;\u001b[39m\u001b[22m\n\u001b[2m     \u001b[90m 16 |\u001b[39m\u001b[0m\u001b[22m\n\u001b[2m\u001b[22m\n\u001b[2m      \u001b[2mat normalizeError (\u001b[22m\u001b[2msrc/common/error.util.ts\u001b[2m:14:10)\u001b[22m\u001b[2m\u001b[22m\n\u001b[2m      \u001b[2mat ListMealRecordsUsecase.execute (\u001b[22m\u001b[2msrc/usecases/nutri/meal-record/list.meal-records.usecase.ts\u001b[2m:59:27)\u001b[22m\u001b[2m\u001b[22m\n\u001b[2m      \u001b[2mat Object.<anonymous> (\u001b[22m\u001b[2m\u001b[0m\u001b[36msrc/usecases/nutri/meal-record/__tests__/list.meal-records.usecase.spec.ts\u001b[39m\u001b[0m\u001b[2m:101:20)\u001b[22m\u001b[2m\u001b[22m\n","name":"C:\\DATA\\projects\\DraftDream\\api\\src\\usecases\\nutri\\meal-record\\__tests__\\list.meal-records.usecase.spec.ts","startTime":1767549427628,"status":"failed","summary":""},{"assertionResults":[{"ancestorTitles":["CreateExerciseUsecase"],"duration":5,"failing":false,"failureDetails":[],"failureMessages":[],"fullName":"CreateExerciseUsecase should build","invocations":1,"location":null,"numPassingAsserts":1,"retryReasons":[],"startAt":1767549437975,"status":"passed","title":"should build"},{"ancestorTitles":["CreateExerciseUsecase"],"duration":3,"failing":false,"failureDetails":[],"failureMessages":[],"fullName":"CreateExerciseUsecase should create an exercise and map the response","invocations":1,"location":null,"numPassingAsserts":2,"retryReasons":[],"startAt":1767549437981,"status":"passed","title":"should create an exercise and map the response"},{"ancestorTitles":["CreateExerciseUsecase"],"duration":1,"failing":false,"failureDetails":[],"failureMessages":[],"fullName":"CreateExerciseUsecase should return null when the repository returns null","invocations":1,"location":null,"numPassingAsserts":1,"retryReasons":[],"startAt":1767549437984,"status":"passed","title":"should return null when the repository returns null"},{"ancestorTitles":["CreateExerciseUsecase"],"duration":9,"failing":false,"failureDetails":[],"failureMessages":[],"fullName":"CreateExerciseUsecase should log and throw a domain error when creation fails","invocations":1,"location":null,"numPassingAsserts":2,"retryReasons":[],"startAt":1767549437985,"status":"passed","title":"should log and throw a domain error when creation fails"}],"endTime":1767549437996,"message":"","name":"C:\\DATA\\projects\\DraftDream\\api\\src\\usecases\\sport\\exercise\\__tests__\\create.exercise.usecase.spec.ts","startTime":1767549427709,"status":"passed","summary":""},{"assertionResults":[{"ancestorTitles":["ListAthleteInfosUsecase"],"duration":6,"failing":false,"failureDetails":[],"failureMessages":[],"fullName":"ListAthleteInfosUsecase should build","invocations":1,"location":null,"numPassingAsserts":1,"retryReasons":[],"startAt":1767549438037,"status":"passed","title":"should build"},{"ancestorTitles":["ListAthleteInfosUsecase"],"duration":2,"failing":false,"failureDetails":[],"failureMessages":[],"fullName":"ListAthleteInfosUsecase should list athlete infos for admin with all filters","invocations":1,"location":null,"numPassingAsserts":3,"retryReasons":[],"startAt":1767549438044,"status":"passed","title":"should list athlete infos for admin with all filters"},{"ancestorTitles":["ListAthleteInfosUsecase"],"duration":4,"failing":false,"failureDetails":[],"failureMessages":[],"fullName":"ListAthleteInfosUsecase should list athlete infos for coach filtering by their userId","invocations":1,"location":null,"numPassingAsserts":2,"retryReasons":[],"startAt":1767549438051,"status":"passed","title":"should list athlete infos for coach filtering by their userId"},{"ancestorTitles":["ListAthleteInfosUsecase"],"duration":22,"failing":false,"failureDetails":[],"failureMessages":[],"fullName":"ListAthleteInfosUsecase should log and throw when repository list fails","invocations":1,"location":null,"numPassingAsserts":2,"retryReasons":[],"startAt":1767549438078,"status":"passed","title":"should log and throw when repository list fails"}],"endTime":1767549438101,"message":"","name":"C:\\DATA\\projects\\DraftDream\\api\\src\\usecases\\athlete\\athlete-info\\__tests__\\list.athlete-infos.usecase.spec.ts","startTime":1767549427658,"status":"passed","summary":""},{"assertionResults":[{"ancestorTitles":["CreateMealTypeUsecase"],"duration":1,"failing":false,"failureDetails":[],"failureMessages":[],"fullName":"CreateMealTypeUsecase should build","invocations":1,"location":null,"numPassingAsserts":1,"retryReasons":[],"startAt":1767549438160,"status":"passed","title":"should build"},{"ancestorTitles":["CreateMealTypeUsecase"],"duration":1,"failing":false,"failureDetails":[],"failureMessages":[],"fullName":"CreateMealTypeUsecase should create a meal type through the repository","invocations":1,"location":null,"numPassingAsserts":2,"retryReasons":[],"startAt":1767549438161,"status":"passed","title":"should create a meal type through the repository"},{"ancestorTitles":["CreateMealTypeUsecase"],"duration":0,"failing":false,"failureDetails":[],"failureMessages":[],"fullName":"CreateMealTypeUsecase should return null when the repository returns null","invocations":1,"location":null,"numPassingAsserts":1,"retryReasons":[],"startAt":1767549438163,"status":"passed","title":"should return null when the repository returns null"},{"ancestorTitles":["CreateMealTypeUsecase"],"duration":5,"failing":false,"failureDetails":[],"failureMessages":[],"fullName":"CreateMealTypeUsecase should log and throw a domain error when creation fails","invocations":1,"location":null,"numPassingAsserts":2,"retryReasons":[],"startAt":1767549438163,"status":"passed","title":"should log and throw a domain error when creation fails"}],"endTime":1767549438169,"message":"","name":"C:\\DATA\\projects\\DraftDream\\api\\src\\usecases\\nutri\\meal-type\\__tests__\\create.meal-type.usecase.spec.ts","startTime":1767549437612,"status":"passed","summary":""},{"assertionResults":[{"ancestorTitles":["GetAthleteInfoUsecase"],"duration":2,"failing":false,"failureDetails":[],"failureMessages":[],"fullName":"GetAthleteInfoUsecase should build","invocations":1,"location":null,"numPassingAsserts":1,"retryReasons":[],"startAt":1767549438532,"status":"passed","title":"should build"},{"ancestorTitles":["GetAthleteInfoUsecase"],"duration":2,"failing":false,"failureDetails":[],"failureMessages":[],"fullName":"GetAthleteInfoUsecase should get athlete info when user is admin","invocations":1,"location":null,"numPassingAsserts":2,"retryReasons":[],"startAt":1767549438535,"status":"passed","title":"should get athlete info when user is admin"},{"ancestorTitles":["GetAthleteInfoUsecase"],"duration":1,"failing":false,"failureDetails":[],"failureMessages":[],"fullName":"GetAthleteInfoUsecase should get athlete info when user is the creator","invocations":1,"location":null,"numPassingAsserts":1,"retryReasons":[],"startAt":1767549438537,"status":"passed","title":"should get athlete info when user is the creator"},{"ancestorTitles":["GetAthleteInfoUsecase"],"duration":1,"failing":false,"failureDetails":[],"failureMessages":[],"fullName":"GetAthleteInfoUsecase should return null when user is not admin and not the creator","invocations":1,"location":null,"numPassingAsserts":1,"retryReasons":[],"startAt":1767549438538,"status":"passed","title":"should return null when user is not admin and not the creator"},{"ancestorTitles":["GetAthleteInfoUsecase"],"duration":1,"failing":false,"failureDetails":[],"failureMessages":[],"fullName":"GetAthleteInfoUsecase should return null when athlete info not found","invocations":1,"location":null,"numPassingAsserts":1,"retryReasons":[],"startAt":1767549438539,"status":"passed","title":"should return null when athlete info not found"},{"ancestorTitles":["GetAthleteInfoUsecase"],"duration":6,"failing":false,"failureDetails":[],"failureMessages":[],"fullName":"GetAthleteInfoUsecase should log and throw when repository get fails","invocations":1,"location":null,"numPassingAsserts":2,"retryReasons":[],"startAt":1767549438540,"status":"passed","title":"should log and throw when repository get fails"}],"endTime":1767549438547,"message":"","name":"C:\\DATA\\projects\\DraftDream\\api\\src\\usecases\\athlete\\athlete-info\\__tests__\\get.athlete-info.usecase.spec.ts","startTime":1767549437466,"status":"passed","summary":""},{"assertionResults":[{"ancestorTitles":["UpdateEquipmentUsecase"],"duration":1,"failing":false,"failureDetails":[],"failureMessages":[],"fullName":"UpdateEquipmentUsecase should build","invocations":1,"location":null,"numPassingAsserts":1,"retryReasons":[],"startAt":1767549438581,"status":"passed","title":"should build"},{"ancestorTitles":["UpdateEquipmentUsecase"],"duration":2,"failing":false,"failureDetails":[],"failureMessages":[],"fullName":"UpdateEquipmentUsecase should update equipment through the repository","invocations":1,"location":null,"numPassingAsserts":2,"retryReasons":[],"startAt":1767549438582,"status":"passed","title":"should update equipment through the repository"},{"ancestorTitles":["UpdateEquipmentUsecase"],"duration":2,"failing":false,"failureDetails":[],"failureMessages":[],"fullName":"UpdateEquipmentUsecase should return null when repository update returns null","invocations":1,"location":null,"numPassingAsserts":1,"retryReasons":[],"startAt":1767549438584,"status":"passed","title":"should return null when repository update returns null"},{"ancestorTitles":["UpdateEquipmentUsecase"],"duration":9,"failing":false,"failureDetails":[],"failureMessages":[],"fullName":"UpdateEquipmentUsecase should log and throw a domain error when repository update fails","invocations":1,"location":null,"numPassingAsserts":2,"retryReasons":[],"startAt":1767549438587,"status":"passed","title":"should log and throw a domain error when repository update fails"}],"endTime":1767549438597,"message":"","name":"C:\\DATA\\projects\\DraftDream\\api\\src\\usecases\\sport\\equipment\\__tests__\\update.equipment.usecase.spec.ts","startTime":1767549437588,"status":"passed","summary":""},{"assertionResults":[{"ancestorTitles":["CreateMealPlanUsecase"],"duration":1,"failing":false,"failureDetails":[],"failureMessages":[],"fullName":"CreateMealPlanUsecase should build","invocations":1,"location":null,"numPassingAsserts":1,"retryReasons":[],"startAt":1767549438589,"status":"passed","title":"should build"},{"ancestorTitles":["CreateMealPlanUsecase"],"duration":3,"failing":false,"failureDetails":[],"failureMessages":[],"fullName":"CreateMealPlanUsecase should create a meal plan with generated slugs","invocations":1,"location":null,"numPassingAsserts":2,"retryReasons":[],"startAt":1767549438590,"status":"passed","title":"should create a meal plan with generated slugs"},{"ancestorTitles":["CreateMealPlanUsecase"],"duration":1,"failing":false,"failureDetails":[],"failureMessages":[],"fullName":"CreateMealPlanUsecase should return null if creation fails","invocations":1,"location":null,"numPassingAsserts":1,"retryReasons":[],"startAt":1767549438594,"status":"passed","title":"should return null if creation fails"},{"ancestorTitles":["CreateMealPlanUsecase"],"duration":17,"failing":false,"failureDetails":[],"failureMessages":[],"fullName":"CreateMealPlanUsecase should log and throw error when repository throws","invocations":1,"location":null,"numPassingAsserts":2,"retryReasons":[],"startAt":1767549438595,"status":"passed","title":"should log and throw error when repository throws"}],"endTime":1767549438612,"message":"","name":"C:\\DATA\\projects\\DraftDream\\api\\src\\usecases\\nutri\\meal-plan\\__tests__\\create.meal-plan.usecase.spec.ts","startTime":1767549437390,"status":"passed","summary":""},{"assertionResults":[{"ancestorTitles":["DeleteCategoryUsecase"],"duration":1,"failing":false,"failureDetails":[],"failureMessages":[],"fullName":"DeleteCategoryUsecase should build","invocations":1,"location":null,"numPassingAsserts":1,"retryReasons":[],"startAt":1767549438600,"status":"passed","title":"should build"},{"ancestorTitles":["DeleteCategoryUsecase"],"duration":3,"failing":false,"failureDetails":[],"failureMessages":[],"fullName":"DeleteCategoryUsecase should delete the category through the repository","invocations":1,"location":null,"numPassingAsserts":2,"retryReasons":[],"startAt":1767549438601,"status":"passed","title":"should delete the category through the repository"},{"ancestorTitles":["DeleteCategoryUsecase"],"duration":1,"failing":false,"failureDetails":[],"failureMessages":[],"fullName":"DeleteCategoryUsecase should return false when the repository returns false","invocations":1,"location":null,"numPassingAsserts":1,"retryReasons":[],"startAt":1767549438604,"status":"passed","title":"should return false when the repository returns false"},{"ancestorTitles":["DeleteCategoryUsecase"],"duration":4,"failing":false,"failureDetails":[],"failureMessages":[],"fullName":"DeleteCategoryUsecase should log and throw a domain error when deletion fails","invocations":1,"location":null,"numPassingAsserts":2,"retryReasons":[],"startAt":1767549438605,"status":"passed","title":"should log and throw a domain error when deletion fails"}],"endTime":1767549438640,"message":"","name":"C:\\DATA\\projects\\DraftDream\\api\\src\\usecases\\sport\\category\\__tests__\\delete.category.usecase.spec.ts","startTime":1767549437678,"status":"passed","summary":""},{"assertionResults":[{"ancestorTitles":["GetProspectLevelUsecase"],"duration":3,"failing":false,"failureDetails":[],"failureMessages":[],"fullName":"GetProspectLevelUsecase should return a level when found","invocations":1,"location":null,"numPassingAsserts":1,"retryReasons":[],"startAt":1767549438619,"status":"passed","title":"should return a level when found"},{"ancestorTitles":["GetProspectLevelUsecase"],"duration":1,"failing":false,"failureDetails":[],"failureMessages":[],"fullName":"GetProspectLevelUsecase should return null when not found","invocations":1,"location":null,"numPassingAsserts":1,"retryReasons":[],"startAt":1767549438622,"status":"passed","title":"should return null when not found"},{"ancestorTitles":["GetProspectLevelUsecase"],"duration":31,"failing":false,"failureDetails":[],"failureMessages":[],"fullName":"GetProspectLevelUsecase should log and throw when repository fails","invocations":1,"location":null,"numPassingAsserts":2,"retryReasons":[],"startAt":1767549438623,"status":"passed","title":"should log and throw when repository fails"}],"endTime":1767549438655,"message":"","name":"C:\\DATA\\projects\\DraftDream\\api\\src\\usecases\\prospect\\level\\__tests__\\get.prospect-level.usecase.spec.ts","startTime":1767549437635,"status":"passed","summary":""},{"assertionResults":[{"ancestorTitles":["UpdateExerciseUsecase"],"duration":1,"failing":false,"failureDetails":[],"failureMessages":[],"fullName":"UpdateExerciseUsecase should build","invocations":1,"location":null,"numPassingAsserts":1,"retryReasons":[],"startAt":1767549438573,"status":"passed","title":"should build"},{"ancestorTitles":["UpdateExerciseUsecase"],"duration":2,"failing":false,"failureDetails":[],"failureMessages":[],"fullName":"UpdateExerciseUsecase should update the exercise and map the response when the coach is the creator","invocations":1,"location":null,"numPassingAsserts":3,"retryReasons":[],"startAt":1767549438575,"status":"passed","title":"should update the exercise and map the response when the coach is the creator"},{"ancestorTitles":["UpdateExerciseUsecase"],"duration":27,"failing":false,"failureDetails":[],"failureMessages":[],"fullName":"UpdateExerciseUsecase should allow an admin to update an exercise they did not create","invocations":1,"location":null,"numPassingAsserts":1,"retryReasons":[],"startAt":1767549438577,"status":"passed","title":"should allow an admin to update an exercise they did not create"},{"ancestorTitles":["UpdateExerciseUsecase"],"duration":62,"failing":false,"failureDetails":[],"failureMessages":[],"fullName":"UpdateExerciseUsecase should throw when the targeted exercise cannot be found","invocations":1,"location":null,"numPassingAsserts":2,"retryReasons":[],"startAt":1767549438604,"status":"passed","title":"should throw when the targeted exercise cannot be found"},{"ancestorTitles":["UpdateExerciseUsecase"],"duration":2,"failing":false,"failureDetails":[],"failureMessages":[],"fullName":"UpdateExerciseUsecase should throw when a coach tries to update an exercise they did not create","invocations":1,"location":null,"numPassingAsserts":2,"retryReasons":[],"startAt":1767549438666,"status":"passed","title":"should throw when a coach tries to update an exercise they did not create"},{"ancestorTitles":["UpdateExerciseUsecase"],"duration":3,"failing":false,"failureDetails":[],"failureMessages":[],"fullName":"UpdateExerciseUsecase should log and throw a domain error when update fails","invocations":1,"location":null,"numPassingAsserts":2,"retryReasons":[],"startAt":1767549438669,"status":"passed","title":"should log and throw a domain error when update fails"}],"endTime":1767549438673,"message":"","name":"C:\\DATA\\projects\\DraftDream\\api\\src\\usecases\\sport\\exercise\\__tests__\\update.exercise.usecase.spec.ts","startTime":1767549438016,"status":"passed","summary":""},{"assertionResults":[{"ancestorTitles":["ListCoachAthletesUsecase"],"duration":1,"failing":false,"failureDetails":[],"failureMessages":[],"fullName":"ListCoachAthletesUsecase should build","invocations":1,"location":null,"numPassingAsserts":1,"retryReasons":[],"startAt":1767549438680,"status":"passed","title":"should build"},{"ancestorTitles":["ListCoachAthletesUsecase"],"duration":1,"failing":false,"failureDetails":[],"failureMessages":[],"fullName":"ListCoachAthletesUsecase should list coach-athlete links","invocations":1,"location":null,"numPassingAsserts":2,"retryReasons":[],"startAt":1767549438682,"status":"passed","title":"should list coach-athlete links"},{"ancestorTitles":["ListCoachAthletesUsecase"],"duration":5,"failing":false,"failureDetails":[],"failureMessages":[],"fullName":"ListCoachAthletesUsecase should log and throw error when repository throws","invocations":1,"location":null,"numPassingAsserts":2,"retryReasons":[],"startAt":1767549438683,"status":"passed","title":"should log and throw error when repository throws"}],"endTime":1767549438688,"message":"","name":"C:\\DATA\\projects\\DraftDream\\api\\src\\usecases\\athlete\\coach-athlete\\__tests__\\list.coach-athletes.usecase.spec.ts","startTime":1767549438186,"status":"passed","summary":""},{"assertionResults":[{"ancestorTitles":["UpdateCoachAthleteUsecase"],"duration":1,"failing":false,"failureDetails":[],"failureMessages":[],"fullName":"UpdateCoachAthleteUsecase should build","invocations":1,"location":null,"numPassingAsserts":1,"retryReasons":[],"startAt":1767549438681,"status":"passed","title":"should build"},{"ancestorTitles":["UpdateCoachAthleteUsecase"],"duration":3,"failing":false,"failureDetails":[],"failureMessages":[],"fullName":"UpdateCoachAthleteUsecase should update a coach-athlete link","invocations":1,"location":null,"numPassingAsserts":2,"retryReasons":[],"startAt":1767549438682,"status":"passed","title":"should update a coach-athlete link"},{"ancestorTitles":["UpdateCoachAthleteUsecase"],"duration":1,"failing":false,"failureDetails":[],"failureMessages":[],"fullName":"UpdateCoachAthleteUsecase should return null if update fails (returns null)","invocations":1,"location":null,"numPassingAsserts":1,"retryReasons":[],"startAt":1767549438685,"status":"passed","title":"should return null if update fails (returns null)"},{"ancestorTitles":["UpdateCoachAthleteUsecase"],"duration":8,"failing":false,"failureDetails":[],"failureMessages":[],"fullName":"UpdateCoachAthleteUsecase should log and throw error when repository throws","invocations":1,"location":null,"numPassingAsserts":2,"retryReasons":[],"startAt":1767549438686,"status":"passed","title":"should log and throw error when repository throws"}],"endTime":1767549438695,"message":"","name":"C:\\DATA\\projects\\DraftDream\\api\\src\\usecases\\athlete\\coach-athlete\\__tests__\\update.coach-athlete.usecase.spec.ts","startTime":1767549437807,"status":"passed","summary":""},{"assertionResults":[{"ancestorTitles":["ListProspectsUsecase"],"duration":1,"failing":false,"failureDetails":[],"failureMessages":[],"fullName":"ListProspectsUsecase should build","invocations":1,"location":null,"numPassingAsserts":1,"retryReasons":[],"startAt":1767549438733,"status":"passed","title":"should build"},{"ancestorTitles":["ListProspectsUsecase"],"duration":2,"failing":false,"failureDetails":[],"failureMessages":[],"fullName":"ListProspectsUsecase should list prospects for admin with all filters","invocations":1,"location":null,"numPassingAsserts":3,"retryReasons":[],"startAt":1767549438734,"status":"passed","title":"should list prospects for admin with all filters"},{"ancestorTitles":["ListProspectsUsecase"],"duration":1,"failing":false,"failureDetails":[],"failureMessages":[],"fullName":"ListProspectsUsecase should list prospects for coach filtering by their userId","invocations":1,"location":null,"numPassingAsserts":2,"retryReasons":[],"startAt":1767549438736,"status":"passed","title":"should list prospects for coach filtering by their userId"},{"ancestorTitles":["ListProspectsUsecase"],"duration":1,"failing":false,"failureDetails":[],"failureMessages":[],"fullName":"ListProspectsUsecase should list prospects with pagination","invocations":1,"location":null,"numPassingAsserts":4,"retryReasons":[],"startAt":1767549438737,"status":"passed","title":"should list prospects with pagination"},{"ancestorTitles":["ListProspectsUsecase"],"duration":8,"failing":false,"failureDetails":[],"failureMessages":[],"fullName":"ListProspectsUsecase should log and throw when repository list fails","invocations":1,"location":null,"numPassingAsserts":2,"retryReasons":[],"startAt":1767549438738,"status":"passed","title":"should log and throw when repository list fails"}],"endTime":1767549438747,"message":"","name":"C:\\DATA\\projects\\DraftDream\\api\\src\\usecases\\prospect\\prospect\\__tests__\\list.prospects.usecase.spec.ts","startTime":1767549438139,"status":"passed","summary":""},{"assertionResults":[{"ancestorTitles":["ListMealsUsecase"],"duration":2,"failing":false,"failureDetails":[],"failureMessages":[],"fullName":"ListMealsUsecase should build","invocations":1,"location":null,"numPassingAsserts":1,"retryReasons":[],"startAt":1767549438779,"status":"passed","title":"should build"},{"ancestorTitles":["ListMealsUsecase"],"duration":1,"failing":false,"failureDetails":[],"failureMessages":[],"fullName":"ListMealsUsecase should list meals through the repository","invocations":1,"location":null,"numPassingAsserts":4,"retryReasons":[],"startAt":1767549438781,"status":"passed","title":"should list meals through the repository"},{"ancestorTitles":["ListMealsUsecase"],"duration":0,"failing":false,"failureDetails":[],"failureMessages":[],"fullName":"ListMealsUsecase should call the repository with default parameters when none are provided","invocations":1,"location":null,"numPassingAsserts":1,"retryReasons":[],"startAt":1767549438783,"status":"passed","title":"should call the repository with default parameters when none are provided"},{"ancestorTitles":["ListMealsUsecase"],"duration":6,"failing":false,"failureDetails":[],"failureMessages":[],"fullName":"ListMealsUsecase should log and throw a domain error when listing fails","invocations":1,"location":null,"numPassingAsserts":2,"retryReasons":[],"startAt":1767549438783,"status":"passed","title":"should log and throw a domain error when listing fails"}],"endTime":1767549438790,"message":"","name":"C:\\DATA\\projects\\DraftDream\\api\\src\\usecases\\nutri\\meal\\__tests__\\list.meal.usecase.spec.ts","startTime":1767549437846,"status":"passed","summary":""},{"assertionResults":[{"ancestorTitles":["HardDeleteAthleteInfoUsecase"],"duration":2,"failing":false,"failureDetails":[],"failureMessages":[],"fullName":"HardDeleteAthleteInfoUsecase should build","invocations":1,"location":null,"numPassingAsserts":1,"retryReasons":[],"startAt":1767549438778,"status":"passed","title":"should build"},{"ancestorTitles":["HardDeleteAthleteInfoUsecase"],"duration":9,"failing":false,"failureDetails":[],"failureMessages":[],"fullName":"HardDeleteAthleteInfoUsecase should hard delete athlete info when user is admin","invocations":1,"location":null,"numPassingAsserts":2,"retryReasons":[],"startAt":1767549438781,"status":"passed","title":"should hard delete athlete info when user is admin"},{"ancestorTitles":["HardDeleteAthleteInfoUsecase"],"duration":8,"failing":false,"failureDetails":[],"failureMessages":[],"fullName":"HardDeleteAthleteInfoUsecase should throw FORBIDDEN when user is not admin","invocations":1,"location":null,"numPassingAsserts":2,"retryReasons":[],"startAt":1767549438790,"status":"passed","title":"should throw FORBIDDEN when user is not admin"},{"ancestorTitles":["HardDeleteAthleteInfoUsecase"],"duration":1,"failing":false,"failureDetails":[],"failureMessages":[],"fullName":"HardDeleteAthleteInfoUsecase should return false when hard delete fails","invocations":1,"location":null,"numPassingAsserts":1,"retryReasons":[],"startAt":1767549438798,"status":"passed","title":"should return false when hard delete fails"},{"ancestorTitles":["HardDeleteAthleteInfoUsecase"],"duration":1,"failing":false,"failureDetails":[],"failureMessages":[],"fullName":"HardDeleteAthleteInfoUsecase should log and throw when repository hard delete fails","invocations":1,"location":null,"numPassingAsserts":2,"retryReasons":[],"startAt":1767549438799,"status":"passed","title":"should log and throw when repository hard delete fails"}],"endTime":1767549438801,"message":"","name":"C:\\DATA\\projects\\DraftDream\\api\\src\\usecases\\athlete\\athlete-info\\__tests__\\hard-delete.athlete-info.usecase.spec.ts","startTime":1767549437935,"status":"passed","summary":""},{"assertionResults":[{"ancestorTitles":["DeleteMuscleUsecase"],"duration":0,"failing":false,"failureDetails":[],"failureMessages":[],"fullName":"DeleteMuscleUsecase should build","invocations":1,"location":null,"numPassingAsserts":1,"retryReasons":[],"startAt":1767549439107,"status":"passed","title":"should build"},{"ancestorTitles":["DeleteMuscleUsecase"],"duration":0,"failing":false,"failureDetails":[],"failureMessages":[],"fullName":"DeleteMuscleUsecase should delete the muscle through the repository","invocations":1,"location":null,"numPassingAsserts":2,"retryReasons":[],"startAt":1767549439108,"status":"passed","title":"should delete the muscle through the repository"},{"ancestorTitles":["DeleteMuscleUsecase"],"duration":1,"failing":false,"failureDetails":[],"failureMessages":[],"fullName":"DeleteMuscleUsecase should return false when the repository returns false","invocations":1,"location":null,"numPassingAsserts":1,"retryReasons":[],"startAt":1767549439108,"status":"passed","title":"should return false when the repository returns false"},{"ancestorTitles":["DeleteMuscleUsecase"],"duration":31,"failing":false,"failureDetails":[],"failureMessages":[],"fullName":"DeleteMuscleUsecase should log and throw a domain error when deletion fails","invocations":1,"location":null,"numPassingAsserts":2,"retryReasons":[],"startAt":1767549439109,"status":"passed","title":"should log and throw a domain error when deletion fails"}],"endTime":1767549439141,"message":"","name":"C:\\DATA\\projects\\DraftDream\\api\\src\\usecases\\sport\\muscle\\__tests__\\delete.muscle.usecase.spec.ts","startTime":1767549438620,"status":"passed","summary":""},{"assertionResults":[{"ancestorTitles":["CreateProspectActivityPreferenceUsecase"],"duration":1,"failing":false,"failureDetails":[],"failureMessages":[],"fullName":"CreateProspectActivityPreferenceUsecase should build","invocations":1,"location":null,"numPassingAsserts":1,"retryReasons":[],"startAt":1767549439108,"status":"passed","title":"should build"},{"ancestorTitles":["CreateProspectActivityPreferenceUsecase"],"duration":2,"failing":false,"failureDetails":[],"failureMessages":[],"fullName":"CreateProspectActivityPreferenceUsecase should create prospect activity preference through the repository","invocations":1,"location":null,"numPassingAsserts":3,"retryReasons":[],"startAt":1767549439109,"status":"passed","title":"should create prospect activity preference through the repository"},{"ancestorTitles":["CreateProspectActivityPreferenceUsecase"],"duration":1,"failing":false,"failureDetails":[],"failureMessages":[],"fullName":"CreateProspectActivityPreferenceUsecase should return null when repository creation returns null","invocations":1,"location":null,"numPassingAsserts":1,"retryReasons":[],"startAt":1767549439111,"status":"passed","title":"should return null when repository creation returns null"},{"ancestorTitles":["CreateProspectActivityPreferenceUsecase"],"duration":5,"failing":false,"failureDetails":[],"failureMessages":[],"fullName":"CreateProspectActivityPreferenceUsecase should log and throw a domain error when repository creation fails","invocations":1,"location":null,"numPassingAsserts":2,"retryReasons":[],"startAt":1767549439113,"status":"passed","title":"should log and throw a domain error when repository creation fails"}],"endTime":1767549439119,"message":"","name":"C:\\DATA\\projects\\DraftDream\\api\\src\\usecases\\prospect\\activity-preference\\__tests__\\create.prospect-activity-preference.usecase.spec.ts","startTime":1767549438609,"status":"passed","summary":""},{"assertionResults":[{"ancestorTitles":["ListMealTypesUsecase"],"duration":1,"failing":false,"failureDetails":[],"failureMessages":[],"fullName":"ListMealTypesUsecase should build","invocations":1,"location":null,"numPassingAsserts":1,"retryReasons":[],"startAt":1767549439153,"status":"passed","title":"should build"},{"ancestorTitles":["ListMealTypesUsecase"],"duration":3,"failing":false,"failureDetails":[],"failureMessages":[],"fullName":"ListMealTypesUsecase should list meal types through the repository","invocations":1,"location":null,"numPassingAsserts":4,"retryReasons":[],"startAt":1767549439154,"status":"passed","title":"should list meal types through the repository"},{"ancestorTitles":["ListMealTypesUsecase"],"duration":1,"failing":false,"failureDetails":[],"failureMessages":[],"fullName":"ListMealTypesUsecase should call the repository with default parameters when none are provided","invocations":1,"location":null,"numPassingAsserts":1,"retryReasons":[],"startAt":1767549439157,"status":"passed","title":"should call the repository with default parameters when none are provided"},{"ancestorTitles":["ListMealTypesUsecase"],"duration":5,"failing":false,"failureDetails":[],"failureMessages":[],"fullName":"ListMealTypesUsecase should log and throw a domain error when listing fails","invocations":1,"location":null,"numPassingAsserts":2,"retryReasons":[],"startAt":1767549439158,"status":"passed","title":"should log and throw a domain error when listing fails"}],"endTime":1767549439164,"message":"","name":"C:\\DATA\\projects\\DraftDream\\api\\src\\usecases\\nutri\\meal-type\\__tests__\\list.meal-type.usecase.spec.ts","startTime":1767549437883,"status":"passed","summary":""},{"assertionResults":[{"ancestorTitles":["ListProgramRecordsUsecase"],"duration":2,"failing":false,"failureDetails":[],"failureMessages":[],"fullName":"ListProgramRecordsUsecase should force athlete list to their own user id","invocations":1,"location":null,"numPassingAsserts":2,"retryReasons":[],"startAt":1767549439171,"status":"passed","title":"should force athlete list to their own user id"},{"ancestorTitles":["ListProgramRecordsUsecase"],"duration":1,"failing":false,"failureDetails":[],"failureMessages":[],"fullName":"ListProgramRecordsUsecase should allow admin to filter by any user id","invocations":1,"location":null,"numPassingAsserts":2,"retryReasons":[],"startAt":1767549439173,"status":"passed","title":"should allow admin to filter by any user id"}],"endTime":1767549439175,"message":"","name":"C:\\DATA\\projects\\DraftDream\\api\\src\\usecases\\sport\\program-record\\__tests__\\list.program-records.usecase.spec.ts","startTime":1767549438695,"status":"passed","summary":""},{"assertionResults":[{"ancestorTitles":["UpdateMeUsecase"],"duration":1,"failing":false,"failureDetails":[],"failureMessages":[],"fullName":"UpdateMeUsecase should build","invocations":1,"location":null,"numPassingAsserts":1,"retryReasons":[],"startAt":1767549439186,"status":"passed","title":"should build"},{"ancestorTitles":["UpdateMeUsecase"],"duration":1,"failing":false,"failureDetails":[],"failureMessages":[],"fullName":"UpdateMeUsecase should update the current user through the repository and map the result","invocations":1,"location":null,"numPassingAsserts":2,"retryReasons":[],"startAt":1767549439187,"status":"passed","title":"should update the current user through the repository and map the result"},{"ancestorTitles":["UpdateMeUsecase"],"duration":5,"failing":false,"failureDetails":[],"failureMessages":[],"fullName":"UpdateMeUsecase should log and throw when the user does not exist","invocations":1,"location":null,"numPassingAsserts":2,"retryReasons":[],"startAt":1767549439188,"status":"passed","title":"should log and throw when the user does not exist"},{"ancestorTitles":["UpdateMeUsecase"],"duration":1,"failing":false,"failureDetails":[],"failureMessages":[],"fullName":"UpdateMeUsecase should log and throw when the repository fails","invocations":1,"location":null,"numPassingAsserts":2,"retryReasons":[],"startAt":1767549439193,"status":"passed","title":"should log and throw when the repository fails"}],"endTime":1767549439195,"message":"","name":"C:\\DATA\\projects\\DraftDream\\api\\src\\usecases\\user\\__tests__\\update-me.user.usecase.spec.ts","startTime":1767549438763,"status":"passed","summary":""},{"assertionResults":[{"ancestorTitles":["ListExercisesUsecase"],"duration":1,"failing":false,"failureDetails":[],"failureMessages":[],"fullName":"ListExercisesUsecase should build","invocations":1,"location":null,"numPassingAsserts":1,"retryReasons":[],"startAt":1767549439113,"status":"passed","title":"should build"},{"ancestorTitles":["ListExercisesUsecase"],"duration":2,"failing":false,"failureDetails":[],"failureMessages":[],"fullName":"ListExercisesUsecase should list exercises for an admin without altering the payload","invocations":1,"location":null,"numPassingAsserts":2,"retryReasons":[],"startAt":1767549439114,"status":"passed","title":"should list exercises for an admin without altering the payload"},{"ancestorTitles":["ListExercisesUsecase"],"duration":1,"failing":false,"failureDetails":[],"failureMessages":[],"fullName":"ListExercisesUsecase should allow a coach to list only exercises they created when specifying createdBy","invocations":1,"location":null,"numPassingAsserts":2,"retryReasons":[],"startAt":1767549439117,"status":"passed","title":"should allow a coach to list only exercises they created when specifying createdBy"},{"ancestorTitles":["ListExercisesUsecase"],"duration":9,"failing":false,"failureDetails":[],"failureMessages":[],"fullName":"ListExercisesUsecase should throw when a coach attempts to list exercises created by another user","invocations":1,"location":null,"numPassingAsserts":3,"retryReasons":[],"startAt":1767549439118,"status":"passed","title":"should throw when a coach attempts to list exercises created by another user"},{"ancestorTitles":["ListExercisesUsecase"],"duration":0,"failing":false,"failureDetails":[],"failureMessages":[],"fullName":"ListExercisesUsecase should allow a coach to list public exercises explicitly","invocations":1,"location":null,"numPassingAsserts":1,"retryReasons":[],"startAt":1767549439128,"status":"passed","title":"should allow a coach to list public exercises explicitly"},{"ancestorTitles":["ListExercisesUsecase"],"duration":1,"failing":false,"failureDetails":[],"failureMessages":[],"fullName":"ListExercisesUsecase should allow a coach to list their private and public exercises by default","invocations":1,"location":null,"numPassingAsserts":1,"retryReasons":[],"startAt":1767549439128,"status":"passed","title":"should allow a coach to list their private and public exercises by default"},{"ancestorTitles":["ListExercisesUsecase"],"duration":1,"failing":false,"failureDetails":[],"failureMessages":[],"fullName":"ListExercisesUsecase should allow a coach to list only private exercises when requesting private visibility","invocations":1,"location":null,"numPassingAsserts":1,"retryReasons":[],"startAt":1767549439129,"status":"passed","title":"should allow a coach to list only private exercises when requesting private visibility"},{"ancestorTitles":["ListExercisesUsecase"],"duration":1,"failing":false,"failureDetails":[],"failureMessages":[],"fullName":"ListExercisesUsecase should throw a forbidden error for unsupported roles","invocations":1,"location":null,"numPassingAsserts":2,"retryReasons":[],"startAt":1767549439130,"status":"passed","title":"should throw a forbidden error for unsupported roles"},{"ancestorTitles":["ListExercisesUsecase"],"duration":2,"failing":false,"failureDetails":[],"failureMessages":[],"fullName":"ListExercisesUsecase should log and throw a domain error when listing fails","invocations":1,"location":null,"numPassingAsserts":2,"retryReasons":[],"startAt":1767549439131,"status":"passed","title":"should log and throw a domain error when listing fails"}],"endTime":1767549439133,"message":"","name":"C:\\DATA\\projects\\DraftDream\\api\\src\\usecases\\sport\\exercise\\__tests__\\list.exercises.usecase.spec.ts","startTime":1767549438561,"status":"passed","summary":""},{"assertionResults":[{"ancestorTitles":["DeleteExerciseUsecase"],"duration":1,"failing":false,"failureDetails":[],"failureMessages":[],"fullName":"DeleteExerciseUsecase should build","invocations":1,"location":null,"numPassingAsserts":1,"retryReasons":[],"startAt":1767549439182,"status":"passed","title":"should build"},{"ancestorTitles":["DeleteExerciseUsecase"],"duration":1,"failing":false,"failureDetails":[],"failureMessages":[],"fullName":"DeleteExerciseUsecase should return false when the exercise does not exist","invocations":1,"location":null,"numPassingAsserts":2,"retryReasons":[],"startAt":1767549439183,"status":"passed","title":"should return false when the exercise does not exist"},{"ancestorTitles":["DeleteExerciseUsecase"],"duration":1,"failing":false,"failureDetails":[],"failureMessages":[],"fullName":"DeleteExerciseUsecase should delete the exercise when requested by an admin","invocations":1,"location":null,"numPassingAsserts":2,"retryReasons":[],"startAt":1767549439184,"status":"passed","title":"should delete the exercise when requested by an admin"},{"ancestorTitles":["DeleteExerciseUsecase"],"duration":1,"failing":false,"failureDetails":[],"failureMessages":[],"fullName":"DeleteExerciseUsecase should delete the exercise when requested by its creator","invocations":1,"location":null,"numPassingAsserts":2,"retryReasons":[],"startAt":1767549439185,"status":"passed","title":"should delete the exercise when requested by its creator"},{"ancestorTitles":["DeleteExerciseUsecase"],"duration":5,"failing":false,"failureDetails":[],"failureMessages":[],"fullName":"DeleteExerciseUsecase should throw a forbidden error when the user is neither admin nor creator","invocations":1,"location":null,"numPassingAsserts":3,"retryReasons":[],"startAt":1767549439186,"status":"passed","title":"should throw a forbidden error when the user is neither admin nor creator"},{"ancestorTitles":["DeleteExerciseUsecase"],"duration":1,"failing":false,"failureDetails":[],"failureMessages":[],"fullName":"DeleteExerciseUsecase should log and throw a domain error when deletion fails","invocations":1,"location":null,"numPassingAsserts":2,"retryReasons":[],"startAt":1767549439191,"status":"passed","title":"should log and throw a domain error when deletion fails"}],"endTime":1767549439193,"message":"","name":"C:\\DATA\\projects\\DraftDream\\api\\src\\usecases\\sport\\exercise\\__tests__\\delete.exercise.usecase.spec.ts","startTime":1767549438681,"status":"passed","summary":""},{"assertionResults":[{"ancestorTitles":["GetMuscleUsecase"],"duration":0,"failing":false,"failureDetails":[],"failureMessages":[],"fullName":"GetMuscleUsecase should build","invocations":1,"location":null,"numPassingAsserts":1,"retryReasons":[],"startAt":1767549439214,"status":"passed","title":"should build"},{"ancestorTitles":["GetMuscleUsecase"],"duration":1,"failing":false,"failureDetails":[],"failureMessages":[],"fullName":"GetMuscleUsecase should return the muscle retrieved from the repository","invocations":1,"location":null,"numPassingAsserts":3,"retryReasons":[],"startAt":1767549439215,"status":"passed","title":"should return the muscle retrieved from the repository"},{"ancestorTitles":["GetMuscleUsecase"],"duration":0,"failing":false,"failureDetails":[],"failureMessages":[],"fullName":"GetMuscleUsecase should return null when the muscle is not found","invocations":1,"location":null,"numPassingAsserts":1,"retryReasons":[],"startAt":1767549439216,"status":"passed","title":"should return null when the muscle is not found"},{"ancestorTitles":["GetMuscleUsecase"],"duration":4,"failing":false,"failureDetails":[],"failureMessages":[],"fullName":"GetMuscleUsecase should log and throw a domain error when retrieval fails","invocations":1,"location":null,"numPassingAsserts":2,"retryReasons":[],"startAt":1767549439216,"status":"passed","title":"should log and throw a domain error when retrieval fails"}],"endTime":1767549439221,"message":"","name":"C:\\DATA\\projects\\DraftDream\\api\\src\\usecases\\sport\\muscle\\__tests__\\get.muscle.usecase.spec.ts","startTime":1767549438706,"status":"passed","summary":""},{"assertionResults":[{"ancestorTitles":["mapCategoryUsecaseToGql"],"duration":7,"failing":false,"failureDetails":[],"failureMessages":[],"fullName":"mapCategoryUsecaseToGql casts visibility and copies metadata","invocations":1,"location":null,"numPassingAsserts":1,"retryReasons":[],"startAt":1767549439366,"status":"passed","title":"casts visibility and copies metadata"}],"endTime":1767549439375,"message":"","name":"C:\\DATA\\projects\\DraftDream\\api\\src\\graphql\\sport\\category\\__tests__\\category.mapper.spec.ts","startTime":1767549427675,"status":"passed","summary":""},{"assertionResults":[{"ancestorTitles":["mapMealUsecaseToGql"],"duration":20,"failing":false,"failureDetails":[],"failureMessages":[],"fullName":"mapMealUsecaseToGql maps use case fields to their GraphQL representation","invocations":1,"location":null,"numPassingAsserts":1,"retryReasons":[],"startAt":1767549439392,"status":"passed","title":"maps use case fields to their GraphQL representation"}],"endTime":1767549439414,"message":"","name":"C:\\DATA\\projects\\DraftDream\\api\\src\\graphql\\nutri\\meal\\__tests__\\meal.mapper.spec.ts","startTime":1767549427709,"status":"passed","summary":""},{"assertionResults":[{"ancestorTitles":["mapEquipmentUsecaseToGql"],"duration":6,"failing":false,"failureDetails":[],"failureMessages":[],"fullName":"mapEquipmentUsecaseToGql maps visibility to the GraphQL enum","invocations":1,"location":null,"numPassingAsserts":1,"retryReasons":[],"startAt":1767549439393,"status":"passed","title":"maps visibility to the GraphQL enum"}],"endTime":1767549439400,"message":"","name":"C:\\DATA\\projects\\DraftDream\\api\\src\\graphql\\sport\\equipment\\__tests__\\equipment.mapper.spec.ts","startTime":1767549427644,"status":"passed","summary":""},{"assertionResults":[{"ancestorTitles":["mapMuscleUsecaseToGql"],"duration":6,"failing":false,"failureDetails":[],"failureMessages":[],"fullName":"mapMuscleUsecaseToGql maps fields and casts visibility enum","invocations":1,"location":null,"numPassingAsserts":1,"retryReasons":[],"startAt":1767549439415,"status":"passed","title":"maps fields and casts visibility enum"}],"endTime":1767549439422,"message":"","name":"C:\\DATA\\projects\\DraftDream\\api\\src\\graphql\\sport\\muscle\\__tests__\\muscle.mapper.spec.ts","startTime":1767549427664,"status":"passed","summary":""},{"assertionResults":[{"ancestorTitles":["mapExerciseUsecaseToGql"],"duration":8,"failing":false,"failureDetails":[],"failureMessages":[],"fullName":"mapExerciseUsecaseToGql transforms identifiers arrays and enums for GraphQL","invocations":1,"location":null,"numPassingAsserts":5,"retryReasons":[],"startAt":1767549439401,"status":"passed","title":"transforms identifiers arrays and enums for GraphQL"},{"ancestorTitles":["mapExerciseUsecaseToGql"],"duration":0,"failing":false,"failureDetails":[],"failureMessages":[],"fullName":"mapExerciseUsecaseToGql omits optional arrays when undefined","invocations":1,"location":null,"numPassingAsserts":2,"retryReasons":[],"startAt":1767549439410,"status":"passed","title":"omits optional arrays when undefined"}],"endTime":1767549439411,"message":"","name":"C:\\DATA\\projects\\DraftDream\\api\\src\\graphql\\sport\\exercise\\__tests__\\exercise.mapper.spec.ts","startTime":1767549427655,"status":"passed","summary":""},{"assertionResults":[{"ancestorTitles":["mapTagUsecaseToGql"],"duration":6,"failing":false,"failureDetails":[],"failureMessages":[],"fullName":"mapTagUsecaseToGql maps primitive fields directly","invocations":1,"location":null,"numPassingAsserts":1,"retryReasons":[],"startAt":1767549439414,"status":"passed","title":"maps primitive fields directly"}],"endTime":1767549439422,"message":"","name":"C:\\DATA\\projects\\DraftDream\\api\\src\\graphql\\tag\\__tests__\\tag.mapper.spec.ts","startTime":1767549427672,"status":"passed","summary":""},{"assertionResults":[{"ancestorTitles":["GetExerciseUsecase"],"duration":1,"failing":false,"failureDetails":[],"failureMessages":[],"fullName":"GetExerciseUsecase should build","invocations":1,"location":null,"numPassingAsserts":1,"retryReasons":[],"startAt":1767549439205,"status":"passed","title":"should build"},{"ancestorTitles":["GetExerciseUsecase"],"duration":1,"failing":false,"failureDetails":[],"failureMessages":[],"fullName":"GetExerciseUsecase should return null when the repository returns null","invocations":1,"location":null,"numPassingAsserts":1,"retryReasons":[],"startAt":1767549439206,"status":"passed","title":"should return null when the repository returns null"},{"ancestorTitles":["GetExerciseUsecase"],"duration":1,"failing":false,"failureDetails":[],"failureMessages":[],"fullName":"GetExerciseUsecase should return the mapped exercise for an admin session","invocations":1,"location":null,"numPassingAsserts":2,"retryReasons":[],"startAt":1767549439207,"status":"passed","title":"should return the mapped exercise for an admin session"},{"ancestorTitles":["GetExerciseUsecase"],"duration":0,"failing":false,"failureDetails":[],"failureMessages":[],"fullName":"GetExerciseUsecase should return the exercise when requested by its creator","invocations":1,"location":null,"numPassingAsserts":1,"retryReasons":[],"startAt":1767549439208,"status":"passed","title":"should return the exercise when requested by its creator"},{"ancestorTitles":["GetExerciseUsecase"],"duration":0,"failing":false,"failureDetails":[],"failureMessages":[],"fullName":"GetExerciseUsecase should return the exercise to a coach when visibility is public","invocations":1,"location":null,"numPassingAsserts":1,"retryReasons":[],"startAt":1767549439209,"status":"passed","title":"should return the exercise to a coach when visibility is public"},{"ancestorTitles":["GetExerciseUsecase"],"duration":5,"failing":false,"failureDetails":[],"failureMessages":[],"fullName":"GetExerciseUsecase should throw a forbidden error when the user is not allowed to access the exercise","invocations":1,"location":null,"numPassingAsserts":1,"retryReasons":[],"startAt":1767549439209,"status":"passed","title":"should throw a forbidden error when the user is not allowed to access the exercise"},{"ancestorTitles":["GetExerciseUsecase"],"duration":1,"failing":false,"failureDetails":[],"failureMessages":[],"fullName":"GetExerciseUsecase should log and throw a domain error when retrieval fails","invocations":1,"location":null,"numPassingAsserts":2,"retryReasons":[],"startAt":1767549439214,"status":"passed","title":"should log and throw a domain error when retrieval fails"}],"endTime":1767549439216,"message":"","name":"C:\\DATA\\projects\\DraftDream\\api\\src\\usecases\\sport\\exercise\\__tests__\\get.exercise.usecase.spec.ts","startTime":1767549438649,"status":"passed","summary":""},{"assertionResults":[{"ancestorTitles":["mapMealTypeUsecaseToGql"],"duration":6,"failing":false,"failureDetails":[],"failureMessages":[],"fullName":"mapMealTypeUsecaseToGql casts visibility to the GraphQL enum","invocations":1,"location":null,"numPassingAsserts":1,"retryReasons":[],"startAt":1767549439424,"status":"passed","title":"casts visibility to the GraphQL enum"}],"endTime":1767549439432,"message":"","name":"C:\\DATA\\projects\\DraftDream\\api\\src\\graphql\\nutri\\meal-type\\__tests__\\meal-type.mapper.spec.ts","startTime":1767549427699,"status":"passed","summary":""},{"assertionResults":[{"ancestorTitles":["CreateAthleteInfoUsecase"],"duration":1,"failing":false,"failureDetails":[],"failureMessages":[],"fullName":"CreateAthleteInfoUsecase should build","invocations":1,"location":null,"numPassingAsserts":1,"retryReasons":[],"startAt":1767549439205,"status":"passed","title":"should build"},{"ancestorTitles":["CreateAthleteInfoUsecase"],"duration":2,"failing":false,"failureDetails":[],"failureMessages":[],"fullName":"CreateAthleteInfoUsecase should create athlete info when user is admin","invocations":1,"location":null,"numPassingAsserts":3,"retryReasons":[],"startAt":1767549439206,"status":"passed","title":"should create athlete info when user is admin"},{"ancestorTitles":["CreateAthleteInfoUsecase"],"duration":1,"failing":false,"failureDetails":[],"failureMessages":[],"fullName":"CreateAthleteInfoUsecase should create athlete info when athlete creates for self","invocations":1,"location":null,"numPassingAsserts":1,"retryReasons":[],"startAt":1767549439208,"status":"passed","title":"should create athlete info when athlete creates for self"},{"ancestorTitles":["CreateAthleteInfoUsecase"],"duration":10,"failing":false,"failureDetails":[],"failureMessages":[],"fullName":"CreateAthleteInfoUsecase should throw FORBIDDEN when athlete creates for another user","invocations":1,"location":null,"numPassingAsserts":2,"retryReasons":[],"startAt":17675
[...]
retryReasons":[],"startAt":1767549441989,"status":"passed","title":"should return null when the tag is not found"},{"ancestorTitles":["GetTagUsecase"],"duration":4,"failing":false,"failureDetails":[],"failureMessages":[],"fullName":"GetTagUsecase should log and throw a domain error when retrieval fails","invocations":1,"location":null,"numPassingAsserts":2,"retryReasons":[],"startAt":1767549441990,"status":"passed","title":"should log and throw a domain error when retrieval fails"}],"endTime":1767549441995,"message":"","name":"C:\\DATA\\projects\\DraftDream\\api\\src\\usecases\\tag\\__tests__\\get.tag.usecase.spec.ts","startTime":1767549441441,"status":"passed","summary":""},{"assertionResults":[{"ancestorTitles":["mapUserUsecaseToGql"],"duration":1,"failing":false,"failureDetails":[],"failureMessages":[],"fullName":"mapUserUsecaseToGql maps nested address and company objects when provided","invocations":1,"location":null,"numPassingAsserts":1,"retryReasons":[],"startAt":1767549442065,"status":"passed","title":"maps nested address and company objects when provided"},{"ancestorTitles":["mapUserUsecaseToGql"],"duration":1,"failing":false,"failureDetails":[],"failureMessages":[],"fullName":"mapUserUsecaseToGql omits optional nested structures when missing","invocations":1,"location":null,"numPassingAsserts":4,"retryReasons":[],"startAt":1767549442066,"status":"passed","title":"omits optional nested structures when missing"}],"endTime":1767549442068,"message":"","name":"C:\\DATA\\projects\\DraftDream\\api\\src\\graphql\\user\\__tests__\\user.mapper.spec.ts","startTime":1767549441788,"status":"passed","summary":""},{"assertionResults":[{"ancestorTitles":["normalizeError"],"duration":1,"failing":false,"failureDetails":[],"failureMessages":[],"fullName":"normalizeError returns the provided error when the message matches a known error code","invocations":1,"location":null,"numPassingAsserts":1,"retryReasons":[],"startAt":1767549442093,"status":"passed","title":"returns the provided error when the message matches a known error code"},{"ancestorTitles":["normalizeError"],"duration":0,"failing":false,"failureDetails":[],"failureMessages":[],"fullName":"normalizeError returns a fallback error when the message is not a known error code","invocations":1,"location":null,"numPassingAsserts":3,"retryReasons":[],"startAt":1767549442095,"status":"passed","title":"returns a fallback error when the message is not a known error code"},{"ancestorTitles":["normalizeError"],"duration":1,"failing":false,"failureDetails":[],"failureMessages":[],"fullName":"normalizeError wraps non-error values using the fallback error code","invocations":1,"location":null,"numPassingAsserts":2,"retryReasons":[],"startAt":1767549442095,"status":"passed","title":"wraps non-error values using the fallback error code"}],"endTime":1767549442097,"message":"","name":"C:\\DATA\\projects\\DraftDream\\api\\src\\common\\__tests__\\error.util.spec.ts","startTime":1767549441777,"status":"passed","summary":""},{"assertionResults":[{"ancestorTitles":["mapSessionToUsecase"],"duration":2,"failing":false,"failureDetails":[],"failureMessages":[],"fullName":"mapSessionToUsecase converts a session with a user creator into a use case model","invocations":1,"location":null,"numPassingAsserts":2,"retryReasons":[],"startAt":1767549442093,"status":"passed","title":"converts a session with a user creator into a use case model"},{"ancestorTitles":["mapSessionToUsecase"],"duration":1,"failing":false,"failureDetails":[],"failureMessages":[],"fullName":"mapSessionToUsecase preserves string creators and optional fields","invocations":1,"location":null,"numPassingAsserts":3,"retryReasons":[],"startAt":1767549442095,"status":"passed","title":"preserves string creators and optional fields"}],"endTime":1767549442097,"message":"","name":"C:\\DATA\\projects\\DraftDream\\api\\src\\usecases\\sport\\session\\__tests__\\session.mapper.spec.ts","startTime":1767549441763,"status":"passed","summary":""},{"assertionResults":[{"ancestorTitles":["slugifyCandidate"],"duration":2,"failing":false,"failureDetails":[],"failureMessages":[],"fullName":"slugifyCandidate should slugify a simple string","invocations":1,"location":null,"numPassingAsserts":1,"retryReasons":[],"startAt":1767549442099,"status":"passed","title":"should slugify a simple string"},{"ancestorTitles":["slugifyCandidate"],"duration":1,"failing":false,"failureDetails":[],"failureMessages":[],"fullName":"slugifyCandidate should handle accents and special characters","invocations":1,"location":null,"numPassingAsserts":1,"retryReasons":[],"startAt":1767549442101,"status":"passed","title":"should handle accents and special characters"},{"ancestorTitles":["slugifyCandidate"],"duration":0,"failing":false,"failureDetails":[],"failureMessages":[],"fullName":"slugifyCandidate should remove leading/trailing spaces and hyphens","invocations":1,"location":null,"numPassingAsserts":1,"retryReasons":[],"startAt":1767549442102,"status":"passed","title":"should remove leading/trailing spaces and hyphens"},{"ancestorTitles":["slugifyCandidate"],"duration":1,"failing":false,"failureDetails":[],"failureMessages":[],"fullName":"slugifyCandidate should handle multiple spaces and special characters","invocations":1,"location":null,"numPassingAsserts":1,"retryReasons":[],"startAt":1767549442102,"status":"passed","title":"should handle multiple spaces and special characters"},{"ancestorTitles":["slugifyCandidate"],"duration":0,"failing":false,"failureDetails":[],"failureMessages":[],"fullName":"slugifyCandidate should return an empty string for null or undefined input","invocations":1,"location":null,"numPassingAsserts":2,"retryReasons":[],"startAt":1767549442103,"status":"passed","title":"should return an empty string for null or undefined input"},{"ancestorTitles":["slugifyCandidate"],"duration":0,"failing":false,"failureDetails":[],"failureMessages":[],"fullName":"slugifyCandidate should return an empty string for empty input","invocations":1,"location":null,"numPassingAsserts":1,"retryReasons":[],"startAt":1767549442103,"status":"passed","title":"should return an empty string for empty input"},{"ancestorTitles":["slugifyCandidate"],"duration":1,"failing":false,"failureDetails":[],"failureMessages":[],"fullName":"slugifyCandidate should trim to MAX_LENGTH (60 characters)","invocations":1,"location":null,"numPassingAsserts":2,"retryReasons":[],"startAt":1767549442103,"status":"passed","title":"should trim to MAX_LENGTH (60 characters)"},{"ancestorTitles":["slugifyCandidate"],"duration":0,"failing":false,"failureDetails":[],"failureMessages":[],"fullName":"slugifyCandidate should handle numbers","invocations":1,"location":null,"numPassingAsserts":1,"retryReasons":[],"startAt":1767549442104,"status":"passed","title":"should handle numbers"},{"ancestorTitles":["slugifyCandidate"],"duration":10,"failing":false,"failureDetails":[],"failureMessages":[],"fullName":"slugifyCandidate should respect locale-specific lowercasing when provided","invocations":1,"location":null,"numPassingAsserts":2,"retryReasons":[],"startAt":1767549442104,"status":"passed","title":"should respect locale-specific lowercasing when provided"},{"ancestorTitles":["slugifyCandidate"],"duration":1,"failing":false,"failureDetails":[],"failureMessages":[],"fullName":"slugifyCandidate should fallback gracefully when locale is invalid","invocations":1,"location":null,"numPassingAsserts":1,"retryReasons":[],"startAt":1767549442114,"status":"passed","title":"should fallback gracefully when locale is invalid"},{"ancestorTitles":["buildSlug"],"duration":1,"failing":false,"failureDetails":[],"failureMessages":[],"fullName":"buildSlug should return the provided slug if it is valid","invocations":1,"location":null,"numPassingAsserts":2,"retryReasons":[],"startAt":1767549442115,"status":"passed","title":"should return the provided slug if it is valid"},{"ancestorTitles":["buildSlug"],"duration":1,"failing":false,"failureDetails":[],"failureMessages":[],"fullName":"buildSlug should generate a slug from the label if no slug is provided","invocations":1,"location":null,"numPassingAsserts":2,"retryReasons":[],"startAt":1767549442116,"status":"passed","title":"should generate a slug from the label if no slug is provided"},{"ancestorTitles":["buildSlug"],"duration":0,"failing":false,"failureDetails":[],"failureMessages":[],"fullName":"buildSlug should generate a slug from the label with special characters","invocations":1,"location":null,"numPassingAsserts":2,"retryReasons":[],"startAt":1767549442117,"status":"passed","title":"should generate a slug from the label with special characters"},{"ancestorTitles":["buildSlug"],"duration":0,"failing":false,"failureDetails":[],"failureMessages":[],"fullName":"buildSlug should use the fallback prefix if both slug and label are empty","invocations":1,"location":null,"numPassingAsserts":2,"retryReasons":[],"startAt":1767549442117,"status":"passed","title":"should use the fallback prefix if both slug and label are empty"},{"ancestorTitles":["buildSlug"],"duration":0,"failing":false,"failureDetails":[],"failureMessages":[],"fullName":"buildSlug should use DEFAULT_FALLBACK_PREFIX if no slug, label, or fallback is provided","invocations":1,"location":null,"numPassingAsserts":2,"retryReasons":[],"startAt":1767549442118,"status":"passed","title":"should use DEFAULT_FALLBACK_PREFIX if no slug, label, or fallback is provided"},{"ancestorTitles":["buildSlug"],"duration":0,"failing":false,"failureDetails":[],"failureMessages":[],"fullName":"buildSlug should handle empty string for label and use fallback","invocations":1,"location":null,"numPassingAsserts":1,"retryReasons":[],"startAt":1767549442118,"status":"passed","title":"should handle empty string for label and use fallback"},{"ancestorTitles":["buildSlug"],"duration":0,"failing":false,"failureDetails":[],"failureMessages":[],"fullName":"buildSlug should handle null slug and generate from label","invocations":1,"location":null,"numPassingAsserts":1,"retryReasons":[],"startAt":1767549442118,"status":"passed","title":"should handle null slug and generate from label"},{"ancestorTitles":["buildSlug"],"duration":1,"failing":false,"failureDetails":[],"failureMessages":[],"fullName":"buildSlug should append a random suffix to avoid collisions when generating from label","invocations":1,"location":null,"numPassingAsserts":3,"retryReasons":[],"startAt":1767549442118,"status":"passed","title":"should append a random suffix to avoid collisions when generating from label"},{"ancestorTitles":["buildSlug"],"duration":0,"failing":false,"failureDetails":[],"failureMessages":[],"fullName":"buildSlug should handle label that results in an empty slugified string and use fallback","invocations":1,"location":null,"numPassingAsserts":1,"retryReasons":[],"startAt":1767549442119,"status":"passed","title":"should handle label that results in an empty slugified string and use fallback"},{"ancestorTitles":["buildSlug"],"duration":1,"failing":false,"failureDetails":[],"failureMessages":[],"fullName":"buildSlug should use fallback when provided slug is not valid after slugification","invocations":1,"location":null,"numPassingAsserts":1,"retryReasons":[],"startAt":1767549442119,"status":"passed","title":"should use fallback when provided slug is not valid after slugification"}],"endTime":1767549442121,"message":"","name":"C:\\DATA\\projects\\DraftDream\\api\\src\\common\\__tests__\\slug.util.spec.ts","startTime":1767549441773,"status":"passed","summary":""},{"assertionResults":[{"ancestorTitles":["ListProspectSourcesUsecase"],"duration":1,"failing":false,"failureDetails":[],"failureMessages":[],"fullName":"ListProspectSourcesUsecase should return list of sources","invocations":1,"location":null,"numPassingAsserts":2,"retryReasons":[],"startAt":1767549442134,"status":"passed","title":"should return list of sources"},{"ancestorTitles":["ListProspectSourcesUsecase"],"duration":3,"failing":false,"failureDetails":[],"failureMessages":[],"fullName":"ListProspectSourcesUsecase should log and throw when repository fails","invocations":1,"location":null,"numPassingAsserts":2,"retryReasons":[],"startAt":1767549442136,"status":"passed","title":"should log and throw when repository fails"}],"endTime":1767549442139,"message":"","name":"C:\\DATA\\projects\\DraftDream\\api\\src\\usecases\\prospect\\source\\__tests__\\list.prospect-source.usecase.spec.ts","startTime":1767549441744,"status":"passed","summary":""},{"assertionResults":[{"ancestorTitles":["mapSessionUsecaseToGql"],"duration":1,"failing":false,"failureDetails":[],"failureMessages":[],"fullName":"mapSessionUsecaseToGql copies identifiers and metadata","invocations":1,"location":null,"numPassingAsserts":2,"retryReasons":[],"startAt":1767549442144,"status":"passed","title":"copies identifiers and metadata"}],"endTime":1767549442145,"message":"","name":"C:\\DATA\\projects\\DraftDream\\api\\src\\graphql\\sport\\session\\__tests__\\session.mapper.spec.ts","startTime":1767549441781,"status":"passed","summary":""},{"assertionResults":[{"ancestorTitles":["ListProspectObjectivesUsecase"],"duration":1,"failing":false,"failureDetails":[],"failureMessages":[],"fullName":"ListProspectObjectivesUsecase should build","invocations":1,"location":null,"numPassingAsserts":1,"retryReasons":[],"startAt":1767549442154,"status":"passed","title":"should build"},{"ancestorTitles":["ListProspectObjectivesUsecase"],"duration":1,"failing":false,"failureDetails":[],"failureMessages":[],"fullName":"ListProspectObjectivesUsecase should list prospect objectives through the repository","invocations":1,"location":null,"numPassingAsserts":2,"retryReasons":[],"startAt":1767549442155,"status":"passed","title":"should list prospect objectives through the repository"},{"ancestorTitles":["ListProspectObjectivesUsecase"],"duration":1,"failing":false,"failureDetails":[],"failureMessages":[],"fullName":"ListProspectObjectivesUsecase should list with default parameters when dto is omitted","invocations":1,"location":null,"numPassingAsserts":2,"retryReasons":[],"startAt":1767549442156,"status":"passed","title":"should list with default parameters when dto is omitted"},{"ancestorTitles":["ListProspectObjectivesUsecase"],"duration":4,"failing":false,"failureDetails":[],"failureMessages":[],"fullName":"ListProspectObjectivesUsecase should log and throw a domain error when repository list fails","invocations":1,"location":null,"numPassingAsserts":2,"retryReasons":[],"startAt":1767549442157,"status":"passed","title":"should log and throw a domain error when repository list fails"}],"endTime":1767549442162,"message":"","name":"C:\\DATA\\projects\\DraftDream\\api\\src\\usecases\\prospect\\objective\\__tests__\\list.prospect-objective.usecase.spec.ts","startTime":1767549441706,"status":"passed","summary":""},{"assertionResults":[],"coverage":{},"endTime":1767549442555,"message":"  \u001b[1m● \u001b[22mTest suite failed to run\n\n    \u001b[96msrc/usecases/sport/program-record/__tests__/update.program-record.usecase.spec.ts\u001b[0m:\u001b[93m25\u001b[0m:\u001b[93m9\u001b[0m - \u001b[91merror\u001b[0m\u001b[90m TS2741: \u001b[0mProperty 'sessionId' is missing in type '{ id: string; userId: string; programId: string; state: ProgramRecordState.CREATE; createdBy: string; createdAt: Date; updatedAt: Date; }' but required in type 'ProgramRecord'.\n\n    \u001b[7m25\u001b[0m   const record: ProgramRecord = {\n    \u001b[7m  \u001b[0m \u001b[91m        ~~~~~~\u001b[0m\n\n      \u001b[96msrc/services/db/models/program-record.model.ts\u001b[0m:\u001b[93m26\u001b[0m:\u001b[93m3\u001b[0m\n        \u001b[7m26\u001b[0m   sessionId: string;\n        \u001b[7m  \u001b[0m \u001b[96m  ~~~~~~~~~\u001b[0m\n        'sessionId' is declared here.\n","name":"C:\\DATA\\projects\\DraftDream\\api\\src\\usecases\\sport\\program-record\\__tests__\\update.program-record.usecase.spec.ts","startTime":1767549442555,"status":"failed","summary":""},{"assertionResults":[],"coverage":{},"endTime":1767549442555,"message":"  \u001b[1m● \u001b[22mTest suite failed to run\n\n    \u001b[96msrc/usecases/sport/program-record/__tests__/delete.program-record.usecase.spec.ts\u001b[0m:\u001b[93m26\u001b[0m:\u001b[93m11\u001b[0m - \u001b[91merror\u001b[0m\u001b[90m TS2741: \u001b[0mProperty 'sessionId' is missing in type '{ id: string; userId: string; programId: string; state: ProgramRecordState.CREATE; createdBy: string; createdAt: Date; updatedAt: Date; }' but required in type 'ProgramRecord'.\n\n    \u001b[7m26\u001b[0m     const record: ProgramRecord = {\n    \u001b[7m  \u001b[0m \u001b[91m          ~~~~~~\u001b[0m\n\n      \u001b[96msrc/services/db/models/program-record.model.ts\u001b[0m:\u001b[93m26\u001b[0m:\u001b[93m3\u001b[0m\n        \u001b[7m26\u001b[0m   sessionId: string;\n        \u001b[7m  \u001b[0m \u001b[96m  ~~~~~~~~~\u001b[0m\n        'sessionId' is declared here.\n","name":"C:\\DATA\\projects\\DraftDream\\api\\src\\usecases\\sport\\program-record\\__tests__\\delete.program-record.usecase.spec.ts","startTime":1767549442555,"status":"failed","summary":""},{"assertionResults":[{"ancestorTitles":["mapMealPlanToUsecase"],"duration":1,"failing":false,"failureDetails":[],"failureMessages":[],"fullName":"mapMealPlanToUsecase maps nested meal plan snapshots to the use case model","invocations":1,"location":null,"numPassingAsserts":3,"retryReasons":[],"startAt":1767549442166,"status":"passed","title":"maps nested meal plan snapshots to the use case model"}],"endTime":1767549442167,"message":"","name":"C:\\DATA\\projects\\DraftDream\\api\\src\\usecases\\nutri\\meal-plan\\__tests__\\meal-plan.mapper.spec.ts","startTime":1767549441857,"status":"passed","summary":""},{"assertionResults":[],"coverage":{},"endTime":1767549442555,"message":"  \u001b[1m● \u001b[22mTest suite failed to run\n\n    \u001b[96msrc/usecases/sport/program-record/__tests__/hard-delete.program-record.usecase.spec.ts\u001b[0m:\u001b[93m26\u001b[0m:\u001b[93m11\u001b[0m - \u001b[91merror\u001b[0m\u001b[90m TS2741: \u001b[0mProperty 'sessionId' is missing in type '{ id: string; userId: string; programId: string; state: ProgramRecordState.CREATE; createdBy: string; createdAt: Date; updatedAt: Date; }' but required in type 'ProgramRecord'.\n\n    \u001b[7m26\u001b[0m     const record: ProgramRecord = {\n    \u001b[7m  \u001b[0m \u001b[91m          ~~~~~~\u001b[0m\n\n      \u001b[96msrc/services/db/models/program-record.model.ts\u001b[0m:\u001b[93m26\u001b[0m:\u001b[93m3\u001b[0m\n        \u001b[7m26\u001b[0m   sessionId: string;\n        \u001b[7m  \u001b[0m \u001b[96m  ~~~~~~~~~\u001b[0m\n        'sessionId' is declared here.\n","name":"C:\\DATA\\projects\\DraftDream\\api\\src\\usecases\\sport\\program-record\\__tests__\\hard-delete.program-record.usecase.spec.ts","startTime":1767549442555,"status":"failed","summary":""},{"assertionResults":[],"coverage":{},"endTime":1767549442555,"message":"  \u001b[1m● \u001b[22mTest suite failed to run\n\n    \u001b[96msrc/usecases/sport/program-record/__tests__/get.program-record.usecase.spec.ts\u001b[0m:\u001b[93m25\u001b[0m:\u001b[93m9\u001b[0m - \u001b[91merror\u001b[0m\u001b[90m TS2741: \u001b[0mProperty 'sessionId' is missing in type '{ id: string; userId: string; programId: string; state: ProgramRecordState.CREATE; createdBy: string; createdAt: Date; updatedAt: Date; }' but required in type 'ProgramRecord'.\n\n    \u001b[7m25\u001b[0m   const record: ProgramRecord = {\n    \u001b[7m  \u001b[0m \u001b[91m        ~~~~~~\u001b[0m\n\n      \u001b[96msrc/services/db/models/program-record.model.ts\u001b[0m:\u001b[93m26\u001b[0m:\u001b[93m3\u001b[0m\n        \u001b[7m26\u001b[0m   sessionId: string;\n        \u001b[7m  \u001b[0m \u001b[96m  ~~~~~~~~~\u001b[0m\n        'sessionId' is declared here.\n","name":"C:\\DATA\\projects\\DraftDream\\api\\src\\usecases\\sport\\program-record\\__tests__\\get.program-record.usecase.spec.ts","startTime":1767549442555,"status":"failed","summary":""}],"wasInterrupted":false}
